!SESSION 2021-06-07 18:57:38.157 -----------------------------------------------
eclipse.buildId=4.13.0.I20190916-1045
java.version=1.8.0_291
java.vendor=Oracle Corporation
BootLoader constants: OS=win32, ARCH=x86_64, WS=win32, NL=en_IN
Framework arguments:  -product org.eclipse.epp.package.java.product
Command-line arguments:  -os win32 -ws win32 -arch x86_64 -product org.eclipse.epp.package.java.product

!ENTRY org.eclipse.egit.ui 2 0 2021-06-07 18:59:19.130
!MESSAGE Warning: The environment variable HOME is not set. The following directory will be used to store the Git
user global configuration and to define the default location to store repositories: 'C:\Users\yogan'. If this is
not correct please set the HOME environment variable and restart Eclipse. Otherwise Git for Windows and
EGit might behave differently since they see different configuration options.
This warning can be switched off on the Team > Git > Confirmations and Warnings preference page.

!ENTRY org.eclipse.equinox.p2.metadata.repository 4 1000 2021-06-07 19:39:44.381
!MESSAGE No repository found at https://dl.bintray.com/testng-team/testng-eclipse-release/.

!ENTRY org.eclipse.equinox.p2.metadata.repository 4 1000 2021-06-07 19:39:55.477
!MESSAGE No repository found at http://dl.bintray.com/testng-team/testng-eclipse-release/.

!ENTRY org.eclipse.equinox.p2.metadata.repository 4 1000 2021-06-07 19:39:58.255
!MESSAGE No repository found at http://dl.bintray.com/testng-team/testng-p2-release.

!ENTRY org.eclipse.equinox.p2.metadata.repository 4 1000 2021-06-07 19:41:03.530
!MESSAGE No repository found at https://dl.bintray.com/testng-team/testng-eclipse-release/6.14.3.

!ENTRY org.eclipse.equinox.p2.metadata.repository 4 1000 2021-06-07 19:41:20.725
!MESSAGE No repository found at http://beust.com/eclipse/.

!ENTRY org.eclipse.equinox.p2.updatechecker 4 0 2021-06-07 19:41:57.653
!MESSAGE Exception in update check thread
!STACK 0
java.lang.IllegalArgumentException: timeout value is negative
	at java.lang.Thread.sleep(Native Method)
	at org.eclipse.equinox.internal.p2.updatechecker.UpdateChecker$UpdateCheckThread.run(UpdateChecker.java:90)

!ENTRY org.eclipse.m2e.logback.appender 4 0 2021-06-07 21:58:40.518
!MESSAGE Could not read pom.xml
!STACK 1
org.eclipse.core.runtime.CoreException: Could not read pom.xml
	at org.eclipse.m2e.core.internal.embedder.MavenImpl.readModel(MavenImpl.java:561)
	at org.eclipse.m2e.core.internal.embedder.MavenImpl.readModel(MavenImpl.java:570)
	at org.eclipse.m2e.core.internal.project.registry.ProjectRegistryManager.refreshPhase2(ProjectRegistryManager.java:563)
	at org.eclipse.m2e.core.internal.project.registry.ProjectRegistryManager.refresh(ProjectRegistryManager.java:519)
	at org.eclipse.m2e.core.internal.project.registry.ProjectRegistryManager.refresh(ProjectRegistryManager.java:365)
	at org.eclipse.m2e.core.internal.project.registry.ProjectRegistryManager.refresh(ProjectRegistryManager.java:312)
	at org.eclipse.m2e.core.internal.builder.MavenBuilder$BuildMethod.getProjectFacade(MavenBuilder.java:155)
	at org.eclipse.m2e.core.internal.builder.MavenBuilder$BuildMethod$1.call(MavenBuilder.java:90)
	at org.eclipse.m2e.core.internal.embedder.MavenExecutionContext.executeBare(MavenExecutionContext.java:177)
	at org.eclipse.m2e.core.internal.embedder.MavenExecutionContext.execute(MavenExecutionContext.java:151)
	at org.eclipse.m2e.core.internal.embedder.MavenExecutionContext.execute(MavenExecutionContext.java:99)
	at org.eclipse.m2e.core.internal.builder.MavenBuilder$BuildMethod.execute(MavenBuilder.java:87)
	at org.eclipse.m2e.core.internal.builder.MavenBuilder.build(MavenBuilder.java:201)
	at org.eclipse.core.internal.events.BuildManager$2.run(BuildManager.java:833)
	at org.eclipse.core.runtime.SafeRunner.run(SafeRunner.java:45)
	at org.eclipse.core.internal.events.BuildManager.basicBuild(BuildManager.java:220)
	at org.eclipse.core.internal.events.BuildManager.basicBuild(BuildManager.java:263)
	at org.eclipse.core.internal.events.BuildManager$1.run(BuildManager.java:316)
	at org.eclipse.core.runtime.SafeRunner.run(SafeRunner.java:45)
	at org.eclipse.core.internal.events.BuildManager.basicBuild(BuildManager.java:319)
	at org.eclipse.core.internal.events.BuildManager.basicBuildLoop(BuildManager.java:371)
	at org.eclipse.core.internal.events.BuildManager.build(BuildManager.java:392)
	at org.eclipse.core.internal.events.AutoBuildJob.doBuild(AutoBuildJob.java:154)
	at org.eclipse.core.internal.events.AutoBuildJob.run(AutoBuildJob.java:244)
	at org.eclipse.core.internal.jobs.Worker.run(Worker.java:63)
Caused by: org.apache.maven.model.io.ModelParseException: TEXT must be immediately followed by END_TAG and not START_TAG (position: START_TAG seen ...</project.build.sourceEncoding>\r\n      <build>\r\n <plugins>... @16:11) 
	at org.apache.maven.model.io.DefaultModelReader.read(DefaultModelReader.java:114)
	at org.apache.maven.model.io.DefaultModelReader.read(DefaultModelReader.java:82)
	at org.eclipse.m2e.core.internal.embedder.MavenImpl.readModel(MavenImpl.java:559)
	... 24 more
Caused by: org.codehaus.plexus.util.xml.pull.XmlPullParserException: TEXT must be immediately followed by END_TAG and not START_TAG (position: START_TAG seen ...</project.build.sourceEncoding>\r\n      <build>\r\n <plugins>... @16:11) 
	at org.codehaus.plexus.util.xml.pull.MXParser.nextText(MXParser.java:1284)
	at org.apache.maven.model.io.xpp3.MavenXpp3Reader.parseModel(MavenXpp3Reader.java:2223)
	at org.apache.maven.model.io.xpp3.MavenXpp3Reader.read(MavenXpp3Reader.java:3872)
	at org.apache.maven.model.io.xpp3.MavenXpp3Reader.read(MavenXpp3Reader.java:595)
	at org.apache.maven.model.io.DefaultModelReader.read(DefaultModelReader.java:109)
	... 26 more
!SUBENTRY 1 org.eclipse.m2e.core 4 -1 2021-06-07 21:58:40.654
!MESSAGE Could not read pom.xml
!STACK 0
org.apache.maven.model.io.ModelParseException: TEXT must be immediately followed by END_TAG and not START_TAG (position: START_TAG seen ...</project.build.sourceEncoding>\r\n      <build>\r\n <plugins>... @16:11) 
	at org.apache.maven.model.io.DefaultModelReader.read(DefaultModelReader.java:114)
	at org.apache.maven.model.io.DefaultModelReader.read(DefaultModelReader.java:82)
	at org.eclipse.m2e.core.internal.embedder.MavenImpl.readModel(MavenImpl.java:559)
	at org.eclipse.m2e.core.internal.embedder.MavenImpl.readModel(MavenImpl.java:570)
	at org.eclipse.m2e.core.internal.project.registry.ProjectRegistryManager.refreshPhase2(ProjectRegistryManager.java:563)
	at org.eclipse.m2e.core.internal.project.registry.ProjectRegistryManager.refresh(ProjectRegistryManager.java:519)
	at org.eclipse.m2e.core.internal.project.registry.ProjectRegistryManager.refresh(ProjectRegistryManager.java:365)
	at org.eclipse.m2e.core.internal.project.registry.ProjectRegistryManager.refresh(ProjectRegistryManager.java:312)
	at org.eclipse.m2e.core.internal.builder.MavenBuilder$BuildMethod.getProjectFacade(MavenBuilder.java:155)
	at org.eclipse.m2e.core.internal.builder.MavenBuilder$BuildMethod$1.call(MavenBuilder.java:90)
	at org.eclipse.m2e.core.internal.embedder.MavenExecutionContext.executeBare(MavenExecutionContext.java:177)
	at org.eclipse.m2e.core.internal.embedder.MavenExecutionContext.execute(MavenExecutionContext.java:151)
	at org.eclipse.m2e.core.internal.embedder.MavenExecutionContext.execute(MavenExecutionContext.java:99)
	at org.eclipse.m2e.core.internal.builder.MavenBuilder$BuildMethod.execute(MavenBuilder.java:87)
	at org.eclipse.m2e.core.internal.builder.MavenBuilder.build(MavenBuilder.java:201)
	at org.eclipse.core.internal.events.BuildManager$2.run(BuildManager.java:833)
	at org.eclipse.core.runtime.SafeRunner.run(SafeRunner.java:45)
	at org.eclipse.core.internal.events.BuildManager.basicBuild(BuildManager.java:220)
	at org.eclipse.core.internal.events.BuildManager.basicBuild(BuildManager.java:263)
	at org.eclipse.core.internal.events.BuildManager$1.run(BuildManager.java:316)
	at org.eclipse.core.runtime.SafeRunner.run(SafeRunner.java:45)
	at org.eclipse.core.internal.events.BuildManager.basicBuild(BuildManager.java:319)
	at org.eclipse.core.internal.events.BuildManager.basicBuildLoop(BuildManager.java:371)
	at org.eclipse.core.internal.events.BuildManager.build(BuildManager.java:392)
	at org.eclipse.core.internal.events.AutoBuildJob.doBuild(AutoBuildJob.java:154)
	at org.eclipse.core.internal.events.AutoBuildJob.run(AutoBuildJob.java:244)
	at org.eclipse.core.internal.jobs.Worker.run(Worker.java:63)
Caused by: org.codehaus.plexus.util.xml.pull.XmlPullParserException: TEXT must be immediately followed by END_TAG and not START_TAG (position: START_TAG seen ...</project.build.sourceEncoding>\r\n      <build>\r\n <plugins>... @16:11) 
	at org.codehaus.plexus.util.xml.pull.MXParser.nextText(MXParser.java:1284)
	at org.apache.maven.model.io.xpp3.MavenXpp3Reader.parseModel(MavenXpp3Reader.java:2223)
	at org.apache.maven.model.io.xpp3.MavenXpp3Reader.read(MavenXpp3Reader.java:3872)
	at org.apache.maven.model.io.xpp3.MavenXpp3Reader.read(MavenXpp3Reader.java:595)
	at org.apache.maven.model.io.DefaultModelReader.read(DefaultModelReader.java:109)
	... 26 more

!ENTRY org.eclipse.m2e.logback.appender 4 0 2021-06-07 21:58:40.715
!MESSAGE failed to load maven project for org.eclipse.ui.part.FileEditorInput(/com.gitproject/pom.xml)
!STACK 1
org.eclipse.core.runtime.CoreException: Could not read maven project
	at org.eclipse.m2e.core.internal.project.registry.ProjectRegistryManager.readProjectWithDependencies(ProjectRegistryManager.java:851)
	at org.eclipse.m2e.core.internal.project.registry.ProjectRegistryManager$2.call(ProjectRegistryManager.java:1069)
	at org.eclipse.m2e.core.internal.project.registry.ProjectRegistryManager$2.call(ProjectRegistryManager.java:1)
	at com.google.common.cache.LocalCache$LocalManualCache$1.load(LocalCache.java:4878)
	at com.google.common.cache.LocalCache$LoadingValueReference.loadFuture(LocalCache.java:3529)
	at com.google.common.cache.LocalCache$Segment.loadSync(LocalCache.java:2278)
	at com.google.common.cache.LocalCache$Segment.lockedGetOrLoad(LocalCache.java:2155)
	at com.google.common.cache.LocalCache$Segment.get(LocalCache.java:2045)
	at com.google.common.cache.LocalCache.get(LocalCache.java:3953)
	at com.google.common.cache.LocalCache$LocalManualCache.get(LocalCache.java:4873)
	at org.eclipse.m2e.core.internal.project.registry.ProjectRegistryManager.getMavenProject(ProjectRegistryManager.java:1067)
	at org.eclipse.m2e.core.internal.project.registry.MavenProjectFacade.getMavenProject(MavenProjectFacade.java:242)
	at org.eclipse.m2e.core.ui.internal.actions.SelectionUtil.getMavenProject(SelectionUtil.java:261)
	at org.eclipse.m2e.editor.pom.MavenPomEditor.readMavenProject(MavenPomEditor.java:740)
	at org.eclipse.m2e.editor.pom.MavenPomEditor$5.run(MavenPomEditor.java:1074)
	at org.eclipse.core.internal.jobs.Worker.run(Worker.java:63)
Contains: Some problems were encountered while processing the POMs:
[FATAL] Non-parseable POM C:\yoga\My_Projects\Git_Project\com.gitproject\pom.xml: TEXT must be immediately followed by END_TAG and not START_TAG (position: START_TAG seen ...</project.build.sourceEncoding>\r\n      <build>\r\n <plugins>... @16:11)  @ line 16, column 11

org.apache.maven.project.ProjectBuildingException: Some problems were encountered while processing the POMs:
[FATAL] Non-parseable POM C:\yoga\My_Projects\Git_Project\com.gitproject\pom.xml: TEXT must be immediately followed by END_TAG and not START_TAG (position: START_TAG seen ...</project.build.sourceEncoding>\r\n      <build>\r\n <plugins>... @16:11)  @ line 16, column 11

	at org.eclipse.m2e.core.internal.embedder.MavenImpl.readMavenProjects(MavenImpl.java:676)
	at org.eclipse.m2e.core.internal.project.registry.ProjectRegistryManager.lambda$12(ProjectRegistryManager.java:871)
	at org.eclipse.m2e.core.internal.embedder.MavenExecutionContext.executeBare(MavenExecutionContext.java:177)
	at org.eclipse.m2e.core.internal.embedder.MavenExecutionContext.execute(MavenExecutionContext.java:151)
	at org.eclipse.m2e.core.internal.embedder.MavenExecutionContext.execute(MavenExecutionContext.java:99)
	at org.eclipse.m2e.core.internal.project.registry.ProjectRegistryManager.execute(ProjectRegistryManager.java:1026)
	at org.eclipse.m2e.core.internal.project.registry.ProjectRegistryManager.readProjectsWithDependencies(ProjectRegistryManager.java:867)
	at org.eclipse.m2e.core.internal.project.registry.ProjectRegistryManager.readProjectWithDependencies(ProjectRegistryManager.java:836)
	at org.eclipse.m2e.core.internal.project.registry.ProjectRegistryManager$2.call(ProjectRegistryManager.java:1069)
	at org.eclipse.m2e.core.internal.project.registry.ProjectRegistryManager$2.call(ProjectRegistryManager.java:1)
	at com.google.common.cache.LocalCache$LocalManualCache$1.load(LocalCache.java:4878)
	at com.google.common.cache.LocalCache$LoadingValueReference.loadFuture(LocalCache.java:3529)
	at com.google.common.cache.LocalCache$Segment.loadSync(LocalCache.java:2278)
	at com.google.common.cache.LocalCache$Segment.lockedGetOrLoad(LocalCache.java:2155)
	at com.google.common.cache.LocalCache$Segment.get(LocalCache.java:2045)
	at com.google.common.cache.LocalCache.get(LocalCache.java:3953)
	at com.google.common.cache.LocalCache$LocalManualCache.get(LocalCache.java:4873)
	at org.eclipse.m2e.core.internal.project.registry.ProjectRegistryManager.getMavenProject(ProjectRegistryManager.java:1067)
	at org.eclipse.m2e.core.internal.project.registry.MavenProjectFacade.getMavenProject(MavenProjectFacade.java:242)
	at org.eclipse.m2e.core.ui.internal.actions.SelectionUtil.getMavenProject(SelectionUtil.java:261)
	at org.eclipse.m2e.editor.pom.MavenPomEditor.readMavenProject(MavenPomEditor.java:740)
	at org.eclipse.m2e.editor.pom.MavenPomEditor$5.run(MavenPomEditor.java:1074)
	at org.eclipse.core.internal.jobs.Worker.run(Worker.java:63)
!SUBENTRY 1 org.eclipse.m2e.core 4 0 2021-06-07 21:58:40.715
!MESSAGE Could not read maven project
!SUBENTRY 2 org.eclipse.m2e.core 4 0 2021-06-07 21:58:40.715
!MESSAGE Some problems were encountered while processing the POMs:
[FATAL] Non-parseable POM C:\yoga\My_Projects\Git_Project\com.gitproject\pom.xml: TEXT must be immediately followed by END_TAG and not START_TAG (position: START_TAG seen ...</project.build.sourceEncoding>\r\n      <build>\r\n <plugins>... @16:11)  @ line 16, column 11

!STACK 0
org.apache.maven.project.ProjectBuildingException: Some problems were encountered while processing the POMs:
[FATAL] Non-parseable POM C:\yoga\My_Projects\Git_Project\com.gitproject\pom.xml: TEXT must be immediately followed by END_TAG and not START_TAG (position: START_TAG seen ...</project.build.sourceEncoding>\r\n      <build>\r\n <plugins>... @16:11)  @ line 16, column 11

	at org.eclipse.m2e.core.internal.embedder.MavenImpl.readMavenProjects(MavenImpl.java:676)
	at org.eclipse.m2e.core.internal.project.registry.ProjectRegistryManager.lambda$12(ProjectRegistryManager.java:871)
	at org.eclipse.m2e.core.internal.embedder.MavenExecutionContext.executeBare(MavenExecutionContext.java:177)
	at org.eclipse.m2e.core.internal.embedder.MavenExecutionContext.execute(MavenExecutionContext.java:151)
	at org.eclipse.m2e.core.internal.embedder.MavenExecutionContext.execute(MavenExecutionContext.java:99)
	at org.eclipse.m2e.core.internal.project.registry.ProjectRegistryManager.execute(ProjectRegistryManager.java:1026)
	at org.eclipse.m2e.core.internal.project.registry.ProjectRegistryManager.readProjectsWithDependencies(ProjectRegistryManager.java:867)
	at org.eclipse.m2e.core.internal.project.registry.ProjectRegistryManager.readProjectWithDependencies(ProjectRegistryManager.java:836)
	at org.eclipse.m2e.core.internal.project.registry.ProjectRegistryManager$2.call(ProjectRegistryManager.java:1069)
	at org.eclipse.m2e.core.internal.project.registry.ProjectRegistryManager$2.call(ProjectRegistryManager.java:1)
	at com.google.common.cache.LocalCache$LocalManualCache$1.load(LocalCache.java:4878)
	at com.google.common.cache.LocalCache$LoadingValueReference.loadFuture(LocalCache.java:3529)
	at com.google.common.cache.LocalCache$Segment.loadSync(LocalCache.java:2278)
	at com.google.common.cache.LocalCache$Segment.lockedGetOrLoad(LocalCache.java:2155)
	at com.google.common.cache.LocalCache$Segment.get(LocalCache.java:2045)
	at com.google.common.cache.LocalCache.get(LocalCache.java:3953)
	at com.google.common.cache.LocalCache$LocalManualCache.get(LocalCache.java:4873)
	at org.eclipse.m2e.core.internal.project.registry.ProjectRegistryManager.getMavenProject(ProjectRegistryManager.java:1067)
	at org.eclipse.m2e.core.internal.project.registry.MavenProjectFacade.getMavenProject(MavenProjectFacade.java:242)
	at org.eclipse.m2e.core.ui.internal.actions.SelectionUtil.getMavenProject(SelectionUtil.java:261)
	at org.eclipse.m2e.editor.pom.MavenPomEditor.readMavenProject(MavenPomEditor.java:740)
	at org.eclipse.m2e.editor.pom.MavenPomEditor$5.run(MavenPomEditor.java:1074)
	at org.eclipse.core.internal.jobs.Worker.run(Worker.java:63)

!ENTRY org.eclipse.m2e.logback.appender 4 0 2021-06-07 21:58:53.979
!MESSAGE Could not read pom.xml
!STACK 1
org.eclipse.core.runtime.CoreException: Could not read pom.xml
	at org.eclipse.m2e.core.internal.embedder.MavenImpl.readModel(MavenImpl.java:561)
	at org.eclipse.m2e.core.internal.embedder.MavenImpl.readModel(MavenImpl.java:570)
	at org.eclipse.m2e.core.internal.project.registry.ProjectRegistryManager.refreshPhase2(ProjectRegistryManager.java:563)
	at org.eclipse.m2e.core.internal.project.registry.ProjectRegistryManager.refresh(ProjectRegistryManager.java:519)
	at org.eclipse.m2e.core.internal.project.registry.ProjectRegistryManager.refresh(ProjectRegistryManager.java:365)
	at org.eclipse.m2e.core.internal.project.registry.ProjectRegistryManager.refresh(ProjectRegistryManager.java:312)
	at org.eclipse.m2e.core.internal.builder.MavenBuilder$BuildMethod.getProjectFacade(MavenBuilder.java:155)
	at org.eclipse.m2e.core.internal.builder.MavenBuilder$BuildMethod$1.call(MavenBuilder.java:90)
	at org.eclipse.m2e.core.internal.embedder.MavenExecutionContext.executeBare(MavenExecutionContext.java:177)
	at org.eclipse.m2e.core.internal.embedder.MavenExecutionContext.execute(MavenExecutionContext.java:151)
	at org.eclipse.m2e.core.internal.embedder.MavenExecutionContext.execute(MavenExecutionContext.java:99)
	at org.eclipse.m2e.core.internal.builder.MavenBuilder$BuildMethod.execute(MavenBuilder.java:87)
	at org.eclipse.m2e.core.internal.builder.MavenBuilder.build(MavenBuilder.java:201)
	at org.eclipse.core.internal.events.BuildManager$2.run(BuildManager.java:833)
	at org.eclipse.core.runtime.SafeRunner.run(SafeRunner.java:45)
	at org.eclipse.core.internal.events.BuildManager.basicBuild(BuildManager.java:220)
	at org.eclipse.core.internal.events.BuildManager.basicBuild(BuildManager.java:263)
	at org.eclipse.core.internal.events.BuildManager$1.run(BuildManager.java:316)
	at org.eclipse.core.runtime.SafeRunner.run(SafeRunner.java:45)
	at org.eclipse.core.internal.events.BuildManager.basicBuild(BuildManager.java:319)
	at org.eclipse.core.internal.events.BuildManager.basicBuildLoop(BuildManager.java:371)
	at org.eclipse.core.internal.events.BuildManager.build(BuildManager.java:392)
	at org.eclipse.core.internal.events.AutoBuildJob.doBuild(AutoBuildJob.java:154)
	at org.eclipse.core.internal.events.AutoBuildJob.run(AutoBuildJob.java:244)
	at org.eclipse.core.internal.jobs.Worker.run(Worker.java:63)
Caused by: org.apache.maven.model.io.ModelParseException: TEXT must be immediately followed by END_TAG and not START_TAG (position: START_TAG seen ...</project.build.sourceEncoding>\r\n      <build>\r\n <plugins>... @16:11) 
	at org.apache.maven.model.io.DefaultModelReader.read(DefaultModelReader.java:114)
	at org.apache.maven.model.io.DefaultModelReader.read(DefaultModelReader.java:82)
	at org.eclipse.m2e.core.internal.embedder.MavenImpl.readModel(MavenImpl.java:559)
	... 24 more
Caused by: org.codehaus.plexus.util.xml.pull.XmlPullParserException: TEXT must be immediately followed by END_TAG and not START_TAG (position: START_TAG seen ...</project.build.sourceEncoding>\r\n      <build>\r\n <plugins>... @16:11) 
	at org.codehaus.plexus.util.xml.pull.MXParser.nextText(MXParser.java:1284)
	at org.apache.maven.model.io.xpp3.MavenXpp3Reader.parseModel(MavenXpp3Reader.java:2223)
	at org.apache.maven.model.io.xpp3.MavenXpp3Reader.read(MavenXpp3Reader.java:3872)
	at org.apache.maven.model.io.xpp3.MavenXpp3Reader.read(MavenXpp3Reader.java:595)
	at org.apache.maven.model.io.DefaultModelReader.read(DefaultModelReader.java:109)
	... 26 more
!SUBENTRY 1 org.eclipse.m2e.core 4 -1 2021-06-07 21:58:53.979
!MESSAGE Could not read pom.xml
!STACK 0
org.apache.maven.model.io.ModelParseException: TEXT must be immediately followed by END_TAG and not START_TAG (position: START_TAG seen ...</project.build.sourceEncoding>\r\n      <build>\r\n <plugins>... @16:11) 
	at org.apache.maven.model.io.DefaultModelReader.read(DefaultModelReader.java:114)
	at org.apache.maven.model.io.DefaultModelReader.read(DefaultModelReader.java:82)
	at org.eclipse.m2e.core.internal.embedder.MavenImpl.readModel(MavenImpl.java:559)
	at org.eclipse.m2e.core.internal.embedder.MavenImpl.readModel(MavenImpl.java:570)
	at org.eclipse.m2e.core.internal.project.registry.ProjectRegistryManager.refreshPhase2(ProjectRegistryManager.java:563)
	at org.eclipse.m2e.core.internal.project.registry.ProjectRegistryManager.refresh(ProjectRegistryManager.java:519)
	at org.eclipse.m2e.core.internal.project.registry.ProjectRegistryManager.refresh(ProjectRegistryManager.java:365)
	at org.eclipse.m2e.core.internal.project.registry.ProjectRegistryManager.refresh(ProjectRegistryManager.java:312)
	at org.eclipse.m2e.core.internal.builder.MavenBuilder$BuildMethod.getProjectFacade(MavenBuilder.java:155)
	at org.eclipse.m2e.core.internal.builder.MavenBuilder$BuildMethod$1.call(MavenBuilder.java:90)
	at org.eclipse.m2e.core.internal.embedder.MavenExecutionContext.executeBare(MavenExecutionContext.java:177)
	at org.eclipse.m2e.core.internal.embedder.MavenExecutionContext.execute(MavenExecutionContext.java:151)
	at org.eclipse.m2e.core.internal.embedder.MavenExecutionContext.execute(MavenExecutionContext.java:99)
	at org.eclipse.m2e.core.internal.builder.MavenBuilder$BuildMethod.execute(MavenBuilder.java:87)
	at org.eclipse.m2e.core.internal.builder.MavenBuilder.build(MavenBuilder.java:201)
	at org.eclipse.core.internal.events.BuildManager$2.run(BuildManager.java:833)
	at org.eclipse.core.runtime.SafeRunner.run(SafeRunner.java:45)
	at org.eclipse.core.internal.events.BuildManager.basicBuild(BuildManager.java:220)
	at org.eclipse.core.internal.events.BuildManager.basicBuild(BuildManager.java:263)
	at org.eclipse.core.internal.events.BuildManager$1.run(BuildManager.java:316)
	at org.eclipse.core.runtime.SafeRunner.run(SafeRunner.java:45)
	at org.eclipse.core.internal.events.BuildManager.basicBuild(BuildManager.java:319)
	at org.eclipse.core.internal.events.BuildManager.basicBuildLoop(BuildManager.java:371)
	at org.eclipse.core.internal.events.BuildManager.build(BuildManager.java:392)
	at org.eclipse.core.internal.events.AutoBuildJob.doBuild(AutoBuildJob.java:154)
	at org.eclipse.core.internal.events.AutoBuildJob.run(AutoBuildJob.java:244)
	at org.eclipse.core.internal.jobs.Worker.run(Worker.java:63)
Caused by: org.codehaus.plexus.util.xml.pull.XmlPullParserException: TEXT must be immediately followed by END_TAG and not START_TAG (position: START_TAG seen ...</project.build.sourceEncoding>\r\n      <build>\r\n <plugins>... @16:11) 
	at org.codehaus.plexus.util.xml.pull.MXParser.nextText(MXParser.java:1284)
	at org.apache.maven.model.io.xpp3.MavenXpp3Reader.parseModel(MavenXpp3Reader.java:2223)
	at org.apache.maven.model.io.xpp3.MavenXpp3Reader.read(MavenXpp3Reader.java:3872)
	at org.apache.maven.model.io.xpp3.MavenXpp3Reader.read(MavenXpp3Reader.java:595)
	at org.apache.maven.model.io.DefaultModelReader.read(DefaultModelReader.java:109)
	... 26 more

!ENTRY org.testng.eclipse 1 0 2021-06-08 05:24:20.146
!MESSAGE [TestNGLaunchConfigurationDelegate] Launching:
  Classpath: C:\Users\yogan\eclipse\java-2019-092\eclipse\configuration\org.eclipse.osgi\488\0\.cp\lib\testng-remote.jar C:\yoga\My_Projects\Git_Project\com.gitproject\target\test-classes C:\yoga\My_Projects\Git_Project\com.gitproject\target\classes C:\yoga\My_Projects\selenium-java-3.141.59\client-combined-3.141.59.jar C:\yoga\My_Projects\selenium-java-3.141.59\client-combined-3.141.59-sources.jar C:\yoga\My_Projects\selenium-java-3.141.59\libs\byte-buddy-1.8.15.jar C:\yoga\My_Projects\selenium-java-3.141.59\libs\commons-exec-1.3.jar C:\yoga\My_Projects\selenium-java-3.141.59\libs\guava-25.0-jre.jar C:\yoga\My_Projects\selenium-java-3.141.59\libs\okhttp-3.11.0.jar C:\yoga\My_Projects\selenium-java-3.141.59\libs\okio-1.14.0.jar C:\Users\yogan\.m2\repository\junit\junit\3.8.1\junit-3.8.1.jar C:\Users\yogan\.m2\repository\org\seleniumhq\selenium\selenium-java\3.141.59\selenium-java-3.141.59.jar C:\Users\yogan\.m2\repository\org\seleniumhq\selenium\selenium-api\3.141.59\selenium-api-3.141.59.jar C:\Users\yogan\.m2\repository\org\seleniumhq\selenium\selenium-chrome-driver\3.141.59\selenium-chrome-driver-3.141.59.jar C:\Users\yogan\.m2\repository\org\seleniumhq\selenium\selenium-edge-driver\3.141.59\selenium-edge-driver-3.141.59.jar C:\Users\yogan\.m2\repository\org\seleniumhq\selenium\selenium-firefox-driver\3.141.59\selenium-firefox-driver-3.141.59.jar C:\Users\yogan\.m2\repository\org\seleniumhq\selenium\selenium-ie-driver\3.141.59\selenium-ie-driver-3.141.59.jar C:\Users\yogan\.m2\repository\org\seleniumhq\selenium\selenium-opera-driver\3.141.59\selenium-opera-driver-3.141.59.jar C:\Users\yogan\.m2\repository\org\seleniumhq\selenium\selenium-remote-driver\3.141.59\selenium-remote-driver-3.141.59.jar C:\Users\yogan\.m2\repository\org\seleniumhq\selenium\selenium-safari-driver\3.141.59\selenium-safari-driver-3.141.59.jar C:\Users\yogan\.m2\repository\org\seleniumhq\selenium\selenium-support\3.141.59\selenium-support-3.141.59.jar C:\Users\yogan\.m2\repository\net\bytebuddy\byte-buddy\1.8.15\byte-buddy-1.8.15.jar C:\Users\yogan\.m2\repository\org\apache\commons\commons-exec\1.3\commons-exec-1.3.jar C:\Users\yogan\.m2\repository\com\google\guava\guava\25.0-jre\guava-25.0-jre.jar C:\Users\yogan\.m2\repository\com\google\code\findbugs\jsr305\1.3.9\jsr305-1.3.9.jar C:\Users\yogan\.m2\repository\org\checkerframework\checker-compat-qual\2.0.0\checker-compat-qual-2.0.0.jar C:\Users\yogan\.m2\repository\com\google\errorprone\error_prone_annotations\2.1.3\error_prone_annotations-2.1.3.jar C:\Users\yogan\.m2\repository\com\google\j2objc\j2objc-annotations\1.1\j2objc-annotations-1.1.jar C:\Users\yogan\.m2\repository\org\codehaus\mojo\animal-sniffer-annotations\1.14\animal-sniffer-annotations-1.14.jar C:\Users\yogan\.m2\repository\com\squareup\okhttp3\okhttp\3.11.0\okhttp-3.11.0.jar C:\Users\yogan\.m2\repository\com\squareup\okio\okio\1.14.0\okio-1.14.0.jar C:\Users\yogan\.m2\repository\org\testng\testng\6.8\testng-6.8.jar C:\Users\yogan\.m2\repository\org\beanshell\bsh\2.0b4\bsh-2.0b4.jar C:\Users\yogan\.m2\repository\com\beust\jcommander\1.27\jcommander-1.27.jar C:\Users\yogan\.m2\repository\org\yaml\snakeyaml\1.6\snakeyaml-1.6.jar
  VMArgs:    -ea
  Class:     org.testng.remote.RemoteTestNG
  Args:      -serport 61593 -protocol json -d C:\yoga\My_Projects\Git_Project\com.gitproject\test-output C:\yoga\My_Projects\Git_Project\com.gitproject\testng.xml
java -ea -classpath C:\Users\yogan\eclipse\java-2019-092\eclipse\configuration\org.eclipse.osgi\488\0\.cp\lib\testng-remote.jar:C:\yoga\My_Projects\Git_Project\com.gitproject\target\test-classes:C:\yoga\My_Projects\Git_Project\com.gitproject\target\classes:C:\yoga\My_Projects\selenium-java-3.141.59\client-combined-3.141.59.jar:C:\yoga\My_Projects\selenium-java-3.141.59\client-combined-3.141.59-sources.jar:C:\yoga\My_Projects\selenium-java-3.141.59\libs\byte-buddy-1.8.15.jar:C:\yoga\My_Projects\selenium-java-3.141.59\libs\commons-exec-1.3.jar:C:\yoga\My_Projects\selenium-java-3.141.59\libs\guava-25.0-jre.jar:C:\yoga\My_Projects\selenium-java-3.141.59\libs\okhttp-3.11.0.jar:C:\yoga\My_Projects\selenium-java-3.141.59\libs\okio-1.14.0.jar:C:\Users\yogan\.m2\repository\junit\junit\3.8.1\junit-3.8.1.jar:C:\Users\yogan\.m2\repository\org\seleniumhq\selenium\selenium-java\3.141.59\selenium-java-3.141.59.jar:C:\Users\yogan\.m2\repository\org\seleniumhq\selenium\selenium-api\3.141.59\selenium-api-3.141.59.jar:C:\Users\yogan\.m2\repository\org\seleniumhq\selenium\selenium-chrome-driver\3.141.59\selenium-chrome-driver-3.141.59.jar:C:\Users\yogan\.m2\repository\org\seleniumhq\selenium\selenium-edge-driver\3.141.59\selenium-edge-driver-3.141.59.jar:C:\Users\yogan\.m2\repository\org\seleniumhq\selenium\selenium-firefox-driver\3.141.59\selenium-firefox-driver-3.141.59.jar:C:\Users\yogan\.m2\repository\org\seleniumhq\selenium\selenium-ie-driver\3.141.59\selenium-ie-driver-3.141.59.jar:C:\Users\yogan\.m2\repository\org\seleniumhq\selenium\selenium-opera-driver\3.141.59\selenium-opera-driver-3.141.59.jar:C:\Users\yogan\.m2\repository\org\seleniumhq\selenium\selenium-remote-driver\3.141.59\selenium-remote-driver-3.141.59.jar:C:\Users\yogan\.m2\repository\org\seleniumhq\selenium\selenium-safari-driver\3.141.59\selenium-safari-driver-3.141.59.jar:C:\Users\yogan\.m2\repository\org\seleniumhq\selenium\selenium-support\3.141.59\selenium-support-3.141.59.jar:C:\Users\yogan\.m2\repository\net\bytebuddy\byte-buddy\1.8.15\byte-buddy-1.8.15.jar:C:\Users\yogan\.m2\repository\org\apache\commons\commons-exec\1.3\commons-exec-1.3.jar:C:\Users\yogan\.m2\repository\com\google\guava\guava\25.0-jre\guava-25.0-jre.jar:C:\Users\yogan\.m2\repository\com\google\code\findbugs\jsr305\1.3.9\jsr305-1.3.9.jar:C:\Users\yogan\.m2\repository\org\checkerframework\checker-compat-qual\2.0.0\checker-compat-qual-2.0.0.jar:C:\Users\yogan\.m2\repository\com\google\errorprone\error_prone_annotations\2.1.3\error_prone_annotations-2.1.3.jar:C:\Users\yogan\.m2\repository\com\google\j2objc\j2objc-annotations\1.1\j2objc-annotations-1.1.jar:C:\Users\yogan\.m2\repository\org\codehaus\mojo\animal-sniffer-annotations\1.14\animal-sniffer-annotations-1.14.jar:C:\Users\yogan\.m2\repository\com\squareup\okhttp3\okhttp\3.11.0\okhttp-3.11.0.jar:C:\Users\yogan\.m2\repository\com\squareup\okio\okio\1.14.0\okio-1.14.0.jar:C:\Users\yogan\.m2\repository\org\testng\testng\6.8\testng-6.8.jar:C:\Users\yogan\.m2\repository\org\beanshell\bsh\2.0b4\bsh-2.0b4.jar:C:\Users\yogan\.m2\repository\com\beust\jcommander\1.27\jcommander-1.27.jar:C:\Users\yogan\.m2\repository\org\yaml\snakeyaml\1.6\snakeyaml-1.6.jar org.testng.remote.RemoteTestNG -serport 61593 -protocol json -d C:\yoga\My_Projects\Git_Project\com.gitproject\test-output C:\yoga\My_Projects\Git_Project\com.gitproject\testng.xml

!ENTRY org.testng.eclipse 1 0 2021-06-08 05:25:52.608
!MESSAGE [TestNGLaunchConfigurationDelegate] Launching:
  Classpath: C:\Users\yogan\eclipse\java-2019-092\eclipse\configuration\org.eclipse.osgi\488\0\.cp\lib\testng-remote.jar C:\yoga\My_Projects\Git_Project\com.gitproject\target\test-classes C:\yoga\My_Projects\Git_Project\com.gitproject\target\classes C:\yoga\My_Projects\selenium-java-3.141.59\client-combined-3.141.59.jar C:\yoga\My_Projects\selenium-java-3.141.59\client-combined-3.141.59-sources.jar C:\yoga\My_Projects\selenium-java-3.141.59\libs\byte-buddy-1.8.15.jar C:\yoga\My_Projects\selenium-java-3.141.59\libs\commons-exec-1.3.jar C:\yoga\My_Projects\selenium-java-3.141.59\libs\guava-25.0-jre.jar C:\yoga\My_Projects\selenium-java-3.141.59\libs\okhttp-3.11.0.jar C:\yoga\My_Projects\selenium-java-3.141.59\libs\okio-1.14.0.jar C:\Users\yogan\.m2\repository\junit\junit\3.8.1\junit-3.8.1.jar C:\Users\yogan\.m2\repository\org\seleniumhq\selenium\selenium-java\3.141.59\selenium-java-3.141.59.jar C:\Users\yogan\.m2\repository\org\seleniumhq\selenium\selenium-api\3.141.59\selenium-api-3.141.59.jar C:\Users\yogan\.m2\repository\org\seleniumhq\selenium\selenium-chrome-driver\3.141.59\selenium-chrome-driver-3.141.59.jar C:\Users\yogan\.m2\repository\org\seleniumhq\selenium\selenium-edge-driver\3.141.59\selenium-edge-driver-3.141.59.jar C:\Users\yogan\.m2\repository\org\seleniumhq\selenium\selenium-firefox-driver\3.141.59\selenium-firefox-driver-3.141.59.jar C:\Users\yogan\.m2\repository\org\seleniumhq\selenium\selenium-ie-driver\3.141.59\selenium-ie-driver-3.141.59.jar C:\Users\yogan\.m2\repository\org\seleniumhq\selenium\selenium-opera-driver\3.141.59\selenium-opera-driver-3.141.59.jar C:\Users\yogan\.m2\repository\org\seleniumhq\selenium\selenium-remote-driver\3.141.59\selenium-remote-driver-3.141.59.jar C:\Users\yogan\.m2\repository\org\seleniumhq\selenium\selenium-safari-driver\3.141.59\selenium-safari-driver-3.141.59.jar C:\Users\yogan\.m2\repository\org\seleniumhq\selenium\selenium-support\3.141.59\selenium-support-3.141.59.jar C:\Users\yogan\.m2\repository\net\bytebuddy\byte-buddy\1.8.15\byte-buddy-1.8.15.jar C:\Users\yogan\.m2\repository\org\apache\commons\commons-exec\1.3\commons-exec-1.3.jar C:\Users\yogan\.m2\repository\com\google\guava\guava\25.0-jre\guava-25.0-jre.jar C:\Users\yogan\.m2\repository\com\google\code\findbugs\jsr305\1.3.9\jsr305-1.3.9.jar C:\Users\yogan\.m2\repository\org\checkerframework\checker-compat-qual\2.0.0\checker-compat-qual-2.0.0.jar C:\Users\yogan\.m2\repository\com\google\errorprone\error_prone_annotations\2.1.3\error_prone_annotations-2.1.3.jar C:\Users\yogan\.m2\repository\com\google\j2objc\j2objc-annotations\1.1\j2objc-annotations-1.1.jar C:\Users\yogan\.m2\repository\org\codehaus\mojo\animal-sniffer-annotations\1.14\animal-sniffer-annotations-1.14.jar C:\Users\yogan\.m2\repository\com\squareup\okhttp3\okhttp\3.11.0\okhttp-3.11.0.jar C:\Users\yogan\.m2\repository\com\squareup\okio\okio\1.14.0\okio-1.14.0.jar C:\Users\yogan\.m2\repository\org\testng\testng\6.8\testng-6.8.jar C:\Users\yogan\.m2\repository\org\beanshell\bsh\2.0b4\bsh-2.0b4.jar C:\Users\yogan\.m2\repository\com\beust\jcommander\1.27\jcommander-1.27.jar C:\Users\yogan\.m2\repository\org\yaml\snakeyaml\1.6\snakeyaml-1.6.jar
  VMArgs:    -ea
  Class:     org.testng.remote.RemoteTestNG
  Args:      -serport 61619 -protocol json -d C:\yoga\My_Projects\Git_Project\com.gitproject\test-output C:\yoga\My_Projects\Git_Project\com.gitproject\testng.xml
java -ea -classpath C:\Users\yogan\eclipse\java-2019-092\eclipse\configuration\org.eclipse.osgi\488\0\.cp\lib\testng-remote.jar:C:\yoga\My_Projects\Git_Project\com.gitproject\target\test-classes:C:\yoga\My_Projects\Git_Project\com.gitproject\target\classes:C:\yoga\My_Projects\selenium-java-3.141.59\client-combined-3.141.59.jar:C:\yoga\My_Projects\selenium-java-3.141.59\client-combined-3.141.59-sources.jar:C:\yoga\My_Projects\selenium-java-3.141.59\libs\byte-buddy-1.8.15.jar:C:\yoga\My_Projects\selenium-java-3.141.59\libs\commons-exec-1.3.jar:C:\yoga\My_Projects\selenium-java-3.141.59\libs\guava-25.0-jre.jar:C:\yoga\My_Projects\selenium-java-3.141.59\libs\okhttp-3.11.0.jar:C:\yoga\My_Projects\selenium-java-3.141.59\libs\okio-1.14.0.jar:C:\Users\yogan\.m2\repository\junit\junit\3.8.1\junit-3.8.1.jar:C:\Users\yogan\.m2\repository\org\seleniumhq\selenium\selenium-java\3.141.59\selenium-java-3.141.59.jar:C:\Users\yogan\.m2\repository\org\seleniumhq\selenium\selenium-api\3.141.59\selenium-api-3.141.59.jar:C:\Users\yogan\.m2\repository\org\seleniumhq\selenium\selenium-chrome-driver\3.141.59\selenium-chrome-driver-3.141.59.jar:C:\Users\yogan\.m2\repository\org\seleniumhq\selenium\selenium-edge-driver\3.141.59\selenium-edge-driver-3.141.59.jar:C:\Users\yogan\.m2\repository\org\seleniumhq\selenium\selenium-firefox-driver\3.141.59\selenium-firefox-driver-3.141.59.jar:C:\Users\yogan\.m2\repository\org\seleniumhq\selenium\selenium-ie-driver\3.141.59\selenium-ie-driver-3.141.59.jar:C:\Users\yogan\.m2\repository\org\seleniumhq\selenium\selenium-opera-driver\3.141.59\selenium-opera-driver-3.141.59.jar:C:\Users\yogan\.m2\repository\org\seleniumhq\selenium\selenium-remote-driver\3.141.59\selenium-remote-driver-3.141.59.jar:C:\Users\yogan\.m2\repository\org\seleniumhq\selenium\selenium-safari-driver\3.141.59\selenium-safari-driver-3.141.59.jar:C:\Users\yogan\.m2\repository\org\seleniumhq\selenium\selenium-support\3.141.59\selenium-support-3.141.59.jar:C:\Users\yogan\.m2\repository\net\bytebuddy\byte-buddy\1.8.15\byte-buddy-1.8.15.jar:C:\Users\yogan\.m2\repository\org\apache\commons\commons-exec\1.3\commons-exec-1.3.jar:C:\Users\yogan\.m2\repository\com\google\guava\guava\25.0-jre\guava-25.0-jre.jar:C:\Users\yogan\.m2\repository\com\google\code\findbugs\jsr305\1.3.9\jsr305-1.3.9.jar:C:\Users\yogan\.m2\repository\org\checkerframework\checker-compat-qual\2.0.0\checker-compat-qual-2.0.0.jar:C:\Users\yogan\.m2\repository\com\google\errorprone\error_prone_annotations\2.1.3\error_prone_annotations-2.1.3.jar:C:\Users\yogan\.m2\repository\com\google\j2objc\j2objc-annotations\1.1\j2objc-annotations-1.1.jar:C:\Users\yogan\.m2\repository\org\codehaus\mojo\animal-sniffer-annotations\1.14\animal-sniffer-annotations-1.14.jar:C:\Users\yogan\.m2\repository\com\squareup\okhttp3\okhttp\3.11.0\okhttp-3.11.0.jar:C:\Users\yogan\.m2\repository\com\squareup\okio\okio\1.14.0\okio-1.14.0.jar:C:\Users\yogan\.m2\repository\org\testng\testng\6.8\testng-6.8.jar:C:\Users\yogan\.m2\repository\org\beanshell\bsh\2.0b4\bsh-2.0b4.jar:C:\Users\yogan\.m2\repository\com\beust\jcommander\1.27\jcommander-1.27.jar:C:\Users\yogan\.m2\repository\org\yaml\snakeyaml\1.6\snakeyaml-1.6.jar org.testng.remote.RemoteTestNG -serport 61619 -protocol json -d C:\yoga\My_Projects\Git_Project\com.gitproject\test-output C:\yoga\My_Projects\Git_Project\com.gitproject\testng.xml

!ENTRY org.testng.eclipse 1 0 2021-06-08 05:27:57.277
!MESSAGE [TestNGLaunchConfigurationDelegate] Launching:
  Classpath: C:\Users\yogan\eclipse\java-2019-092\eclipse\configuration\org.eclipse.osgi\488\0\.cp\lib\testng-remote.jar C:\yoga\My_Projects\Git_Project\com.gitproject\target\test-classes C:\yoga\My_Projects\Git_Project\com.gitproject\target\classes C:\yoga\My_Projects\selenium-java-3.141.59\client-combined-3.141.59.jar C:\yoga\My_Projects\selenium-java-3.141.59\client-combined-3.141.59-sources.jar C:\yoga\My_Projects\selenium-java-3.141.59\libs\byte-buddy-1.8.15.jar C:\yoga\My_Projects\selenium-java-3.141.59\libs\commons-exec-1.3.jar C:\yoga\My_Projects\selenium-java-3.141.59\libs\guava-25.0-jre.jar C:\yoga\My_Projects\selenium-java-3.141.59\libs\okhttp-3.11.0.jar C:\yoga\My_Projects\selenium-java-3.141.59\libs\okio-1.14.0.jar C:\Users\yogan\.m2\repository\junit\junit\3.8.1\junit-3.8.1.jar C:\Users\yogan\.m2\repository\org\seleniumhq\selenium\selenium-java\3.141.59\selenium-java-3.141.59.jar C:\Users\yogan\.m2\repository\org\seleniumhq\selenium\selenium-api\3.141.59\selenium-api-3.141.59.jar C:\Users\yogan\.m2\repository\org\seleniumhq\selenium\selenium-chrome-driver\3.141.59\selenium-chrome-driver-3.141.59.jar C:\Users\yogan\.m2\repository\org\seleniumhq\selenium\selenium-edge-driver\3.141.59\selenium-edge-driver-3.141.59.jar C:\Users\yogan\.m2\repository\org\seleniumhq\selenium\selenium-firefox-driver\3.141.59\selenium-firefox-driver-3.141.59.jar C:\Users\yogan\.m2\repository\org\seleniumhq\selenium\selenium-ie-driver\3.141.59\selenium-ie-driver-3.141.59.jar C:\Users\yogan\.m2\repository\org\seleniumhq\selenium\selenium-opera-driver\3.141.59\selenium-opera-driver-3.141.59.jar C:\Users\yogan\.m2\repository\org\seleniumhq\selenium\selenium-remote-driver\3.141.59\selenium-remote-driver-3.141.59.jar C:\Users\yogan\.m2\repository\org\seleniumhq\selenium\selenium-safari-driver\3.141.59\selenium-safari-driver-3.141.59.jar C:\Users\yogan\.m2\repository\org\seleniumhq\selenium\selenium-support\3.141.59\selenium-support-3.141.59.jar C:\Users\yogan\.m2\repository\net\bytebuddy\byte-buddy\1.8.15\byte-buddy-1.8.15.jar C:\Users\yogan\.m2\repository\org\apache\commons\commons-exec\1.3\commons-exec-1.3.jar C:\Users\yogan\.m2\repository\com\google\guava\guava\25.0-jre\guava-25.0-jre.jar C:\Users\yogan\.m2\repository\com\google\code\findbugs\jsr305\1.3.9\jsr305-1.3.9.jar C:\Users\yogan\.m2\repository\org\checkerframework\checker-compat-qual\2.0.0\checker-compat-qual-2.0.0.jar C:\Users\yogan\.m2\repository\com\google\errorprone\error_prone_annotations\2.1.3\error_prone_annotations-2.1.3.jar C:\Users\yogan\.m2\repository\com\google\j2objc\j2objc-annotations\1.1\j2objc-annotations-1.1.jar C:\Users\yogan\.m2\repository\org\codehaus\mojo\animal-sniffer-annotations\1.14\animal-sniffer-annotations-1.14.jar C:\Users\yogan\.m2\repository\com\squareup\okhttp3\okhttp\3.11.0\okhttp-3.11.0.jar C:\Users\yogan\.m2\repository\com\squareup\okio\okio\1.14.0\okio-1.14.0.jar C:\Users\yogan\.m2\repository\org\testng\testng\6.8\testng-6.8.jar C:\Users\yogan\.m2\repository\org\beanshell\bsh\2.0b4\bsh-2.0b4.jar C:\Users\yogan\.m2\repository\com\beust\jcommander\1.27\jcommander-1.27.jar C:\Users\yogan\.m2\repository\org\yaml\snakeyaml\1.6\snakeyaml-1.6.jar
  VMArgs:    -ea
  Class:     org.testng.remote.RemoteTestNG
  Args:      -serport 61650 -protocol json -d C:\yoga\My_Projects\Git_Project\com.gitproject\test-output C:\yoga\My_Projects\Git_Project\com.gitproject\testng.xml
java -ea -classpath C:\Users\yogan\eclipse\java-2019-092\eclipse\configuration\org.eclipse.osgi\488\0\.cp\lib\testng-remote.jar:C:\yoga\My_Projects\Git_Project\com.gitproject\target\test-classes:C:\yoga\My_Projects\Git_Project\com.gitproject\target\classes:C:\yoga\My_Projects\selenium-java-3.141.59\client-combined-3.141.59.jar:C:\yoga\My_Projects\selenium-java-3.141.59\client-combined-3.141.59-sources.jar:C:\yoga\My_Projects\selenium-java-3.141.59\libs\byte-buddy-1.8.15.jar:C:\yoga\My_Projects\selenium-java-3.141.59\libs\commons-exec-1.3.jar:C:\yoga\My_Projects\selenium-java-3.141.59\libs\guava-25.0-jre.jar:C:\yoga\My_Projects\selenium-java-3.141.59\libs\okhttp-3.11.0.jar:C:\yoga\My_Projects\selenium-java-3.141.59\libs\okio-1.14.0.jar:C:\Users\yogan\.m2\repository\junit\junit\3.8.1\junit-3.8.1.jar:C:\Users\yogan\.m2\repository\org\seleniumhq\selenium\selenium-java\3.141.59\selenium-java-3.141.59.jar:C:\Users\yogan\.m2\repository\org\seleniumhq\selenium\selenium-api\3.141.59\selenium-api-3.141.59.jar:C:\Users\yogan\.m2\repository\org\seleniumhq\selenium\selenium-chrome-driver\3.141.59\selenium-chrome-driver-3.141.59.jar:C:\Users\yogan\.m2\repository\org\seleniumhq\selenium\selenium-edge-driver\3.141.59\selenium-edge-driver-3.141.59.jar:C:\Users\yogan\.m2\repository\org\seleniumhq\selenium\selenium-firefox-driver\3.141.59\selenium-firefox-driver-3.141.59.jar:C:\Users\yogan\.m2\repository\org\seleniumhq\selenium\selenium-ie-driver\3.141.59\selenium-ie-driver-3.141.59.jar:C:\Users\yogan\.m2\repository\org\seleniumhq\selenium\selenium-opera-driver\3.141.59\selenium-opera-driver-3.141.59.jar:C:\Users\yogan\.m2\repository\org\seleniumhq\selenium\selenium-remote-driver\3.141.59\selenium-remote-driver-3.141.59.jar:C:\Users\yogan\.m2\repository\org\seleniumhq\selenium\selenium-safari-driver\3.141.59\selenium-safari-driver-3.141.59.jar:C:\Users\yogan\.m2\repository\org\seleniumhq\selenium\selenium-support\3.141.59\selenium-support-3.141.59.jar:C:\Users\yogan\.m2\repository\net\bytebuddy\byte-buddy\1.8.15\byte-buddy-1.8.15.jar:C:\Users\yogan\.m2\repository\org\apache\commons\commons-exec\1.3\commons-exec-1.3.jar:C:\Users\yogan\.m2\repository\com\google\guava\guava\25.0-jre\guava-25.0-jre.jar:C:\Users\yogan\.m2\repository\com\google\code\findbugs\jsr305\1.3.9\jsr305-1.3.9.jar:C:\Users\yogan\.m2\repository\org\checkerframework\checker-compat-qual\2.0.0\checker-compat-qual-2.0.0.jar:C:\Users\yogan\.m2\repository\com\google\errorprone\error_prone_annotations\2.1.3\error_prone_annotations-2.1.3.jar:C:\Users\yogan\.m2\repository\com\google\j2objc\j2objc-annotations\1.1\j2objc-annotations-1.1.jar:C:\Users\yogan\.m2\repository\org\codehaus\mojo\animal-sniffer-annotations\1.14\animal-sniffer-annotations-1.14.jar:C:\Users\yogan\.m2\repository\com\squareup\okhttp3\okhttp\3.11.0\okhttp-3.11.0.jar:C:\Users\yogan\.m2\repository\com\squareup\okio\okio\1.14.0\okio-1.14.0.jar:C:\Users\yogan\.m2\repository\org\testng\testng\6.8\testng-6.8.jar:C:\Users\yogan\.m2\repository\org\beanshell\bsh\2.0b4\bsh-2.0b4.jar:C:\Users\yogan\.m2\repository\com\beust\jcommander\1.27\jcommander-1.27.jar:C:\Users\yogan\.m2\repository\org\yaml\snakeyaml\1.6\snakeyaml-1.6.jar org.testng.remote.RemoteTestNG -serport 61650 -protocol json -d C:\yoga\My_Projects\Git_Project\com.gitproject\test-output C:\yoga\My_Projects\Git_Project\com.gitproject\testng.xml

!ENTRY org.testng.eclipse 1 0 2021-06-08 05:28:58.166
!MESSAGE [TestNGLaunchConfigurationDelegate] Launching:
  Classpath: C:\Users\yogan\eclipse\java-2019-092\eclipse\configuration\org.eclipse.osgi\488\0\.cp\lib\testng-remote.jar C:\yoga\My_Projects\Git_Project\com.gitproject\target\test-classes C:\yoga\My_Projects\Git_Project\com.gitproject\target\classes C:\yoga\My_Projects\selenium-java-3.141.59\client-combined-3.141.59.jar C:\yoga\My_Projects\selenium-java-3.141.59\client-combined-3.141.59-sources.jar C:\yoga\My_Projects\selenium-java-3.141.59\libs\byte-buddy-1.8.15.jar C:\yoga\My_Projects\selenium-java-3.141.59\libs\commons-exec-1.3.jar C:\yoga\My_Projects\selenium-java-3.141.59\libs\guava-25.0-jre.jar C:\yoga\My_Projects\selenium-java-3.141.59\libs\okhttp-3.11.0.jar C:\yoga\My_Projects\selenium-java-3.141.59\libs\okio-1.14.0.jar C:\Users\yogan\.m2\repository\junit\junit\3.8.1\junit-3.8.1.jar C:\Users\yogan\.m2\repository\org\seleniumhq\selenium\selenium-java\3.141.59\selenium-java-3.141.59.jar C:\Users\yogan\.m2\repository\org\seleniumhq\selenium\selenium-api\3.141.59\selenium-api-3.141.59.jar C:\Users\yogan\.m2\repository\org\seleniumhq\selenium\selenium-chrome-driver\3.141.59\selenium-chrome-driver-3.141.59.jar C:\Users\yogan\.m2\repository\org\seleniumhq\selenium\selenium-edge-driver\3.141.59\selenium-edge-driver-3.141.59.jar C:\Users\yogan\.m2\repository\org\seleniumhq\selenium\selenium-firefox-driver\3.141.59\selenium-firefox-driver-3.141.59.jar C:\Users\yogan\.m2\repository\org\seleniumhq\selenium\selenium-ie-driver\3.141.59\selenium-ie-driver-3.141.59.jar C:\Users\yogan\.m2\repository\org\seleniumhq\selenium\selenium-opera-driver\3.141.59\selenium-opera-driver-3.141.59.jar C:\Users\yogan\.m2\repository\org\seleniumhq\selenium\selenium-remote-driver\3.141.59\selenium-remote-driver-3.141.59.jar C:\Users\yogan\.m2\repository\org\seleniumhq\selenium\selenium-safari-driver\3.141.59\selenium-safari-driver-3.141.59.jar C:\Users\yogan\.m2\repository\org\seleniumhq\selenium\selenium-support\3.141.59\selenium-support-3.141.59.jar C:\Users\yogan\.m2\repository\net\bytebuddy\byte-buddy\1.8.15\byte-buddy-1.8.15.jar C:\Users\yogan\.m2\repository\org\apache\commons\commons-exec\1.3\commons-exec-1.3.jar C:\Users\yogan\.m2\repository\com\google\guava\guava\25.0-jre\guava-25.0-jre.jar C:\Users\yogan\.m2\repository\com\google\code\findbugs\jsr305\1.3.9\jsr305-1.3.9.jar C:\Users\yogan\.m2\repository\org\checkerframework\checker-compat-qual\2.0.0\checker-compat-qual-2.0.0.jar C:\Users\yogan\.m2\repository\com\google\errorprone\error_prone_annotations\2.1.3\error_prone_annotations-2.1.3.jar C:\Users\yogan\.m2\repository\com\google\j2objc\j2objc-annotations\1.1\j2objc-annotations-1.1.jar C:\Users\yogan\.m2\repository\org\codehaus\mojo\animal-sniffer-annotations\1.14\animal-sniffer-annotations-1.14.jar C:\Users\yogan\.m2\repository\com\squareup\okhttp3\okhttp\3.11.0\okhttp-3.11.0.jar C:\Users\yogan\.m2\repository\com\squareup\okio\okio\1.14.0\okio-1.14.0.jar C:\Users\yogan\.m2\repository\org\testng\testng\6.8\testng-6.8.jar C:\Users\yogan\.m2\repository\org\beanshell\bsh\2.0b4\bsh-2.0b4.jar C:\Users\yogan\.m2\repository\com\beust\jcommander\1.27\jcommander-1.27.jar C:\Users\yogan\.m2\repository\org\yaml\snakeyaml\1.6\snakeyaml-1.6.jar
  VMArgs:    -ea
  Class:     org.testng.remote.RemoteTestNG
  Args:      -serport 49866 -protocol json -d C:\yoga\My_Projects\Git_Project\com.gitproject\test-output C:\yoga\My_Projects\Git_Project\com.gitproject\testng.xml
java -ea -classpath C:\Users\yogan\eclipse\java-2019-092\eclipse\configuration\org.eclipse.osgi\488\0\.cp\lib\testng-remote.jar:C:\yoga\My_Projects\Git_Project\com.gitproject\target\test-classes:C:\yoga\My_Projects\Git_Project\com.gitproject\target\classes:C:\yoga\My_Projects\selenium-java-3.141.59\client-combined-3.141.59.jar:C:\yoga\My_Projects\selenium-java-3.141.59\client-combined-3.141.59-sources.jar:C:\yoga\My_Projects\selenium-java-3.141.59\libs\byte-buddy-1.8.15.jar:C:\yoga\My_Projects\selenium-java-3.141.59\libs\commons-exec-1.3.jar:C:\yoga\My_Projects\selenium-java-3.141.59\libs\guava-25.0-jre.jar:C:\yoga\My_Projects\selenium-java-3.141.59\libs\okhttp-3.11.0.jar:C:\yoga\My_Projects\selenium-java-3.141.59\libs\okio-1.14.0.jar:C:\Users\yogan\.m2\repository\junit\junit\3.8.1\junit-3.8.1.jar:C:\Users\yogan\.m2\repository\org\seleniumhq\selenium\selenium-java\3.141.59\selenium-java-3.141.59.jar:C:\Users\yogan\.m2\repository\org\seleniumhq\selenium\selenium-api\3.141.59\selenium-api-3.141.59.jar:C:\Users\yogan\.m2\repository\org\seleniumhq\selenium\selenium-chrome-driver\3.141.59\selenium-chrome-driver-3.141.59.jar:C:\Users\yogan\.m2\repository\org\seleniumhq\selenium\selenium-edge-driver\3.141.59\selenium-edge-driver-3.141.59.jar:C:\Users\yogan\.m2\repository\org\seleniumhq\selenium\selenium-firefox-driver\3.141.59\selenium-firefox-driver-3.141.59.jar:C:\Users\yogan\.m2\repository\org\seleniumhq\selenium\selenium-ie-driver\3.141.59\selenium-ie-driver-3.141.59.jar:C:\Users\yogan\.m2\repository\org\seleniumhq\selenium\selenium-opera-driver\3.141.59\selenium-opera-driver-3.141.59.jar:C:\Users\yogan\.m2\repository\org\seleniumhq\selenium\selenium-remote-driver\3.141.59\selenium-remote-driver-3.141.59.jar:C:\Users\yogan\.m2\repository\org\seleniumhq\selenium\selenium-safari-driver\3.141.59\selenium-safari-driver-3.141.59.jar:C:\Users\yogan\.m2\repository\org\seleniumhq\selenium\selenium-support\3.141.59\selenium-support-3.141.59.jar:C:\Users\yogan\.m2\repository\net\bytebuddy\byte-buddy\1.8.15\byte-buddy-1.8.15.jar:C:\Users\yogan\.m2\repository\org\apache\commons\commons-exec\1.3\commons-exec-1.3.jar:C:\Users\yogan\.m2\repository\com\google\guava\guava\25.0-jre\guava-25.0-jre.jar:C:\Users\yogan\.m2\repository\com\google\code\findbugs\jsr305\1.3.9\jsr305-1.3.9.jar:C:\Users\yogan\.m2\repository\org\checkerframework\checker-compat-qual\2.0.0\checker-compat-qual-2.0.0.jar:C:\Users\yogan\.m2\repository\com\google\errorprone\error_prone_annotations\2.1.3\error_prone_annotations-2.1.3.jar:C:\Users\yogan\.m2\repository\com\google\j2objc\j2objc-annotations\1.1\j2objc-annotations-1.1.jar:C:\Users\yogan\.m2\repository\org\codehaus\mojo\animal-sniffer-annotations\1.14\animal-sniffer-annotations-1.14.jar:C:\Users\yogan\.m2\repository\com\squareup\okhttp3\okhttp\3.11.0\okhttp-3.11.0.jar:C:\Users\yogan\.m2\repository\com\squareup\okio\okio\1.14.0\okio-1.14.0.jar:C:\Users\yogan\.m2\repository\org\testng\testng\6.8\testng-6.8.jar:C:\Users\yogan\.m2\repository\org\beanshell\bsh\2.0b4\bsh-2.0b4.jar:C:\Users\yogan\.m2\repository\com\beust\jcommander\1.27\jcommander-1.27.jar:C:\Users\yogan\.m2\repository\org\yaml\snakeyaml\1.6\snakeyaml-1.6.jar org.testng.remote.RemoteTestNG -serport 49866 -protocol json -d C:\yoga\My_Projects\Git_Project\com.gitproject\test-output C:\yoga\My_Projects\Git_Project\com.gitproject\testng.xml

!ENTRY org.testng.eclipse 1 0 2021-06-08 05:30:20.410
!MESSAGE [TestNGLaunchConfigurationDelegate] Launching:
  Classpath: C:\Users\yogan\eclipse\java-2019-092\eclipse\configuration\org.eclipse.osgi\488\0\.cp\lib\testng-remote.jar C:\yoga\My_Projects\Git_Project\com.gitproject\target\test-classes C:\yoga\My_Projects\Git_Project\com.gitproject\target\classes C:\yoga\My_Projects\selenium-java-3.141.59\client-combined-3.141.59.jar C:\yoga\My_Projects\selenium-java-3.141.59\client-combined-3.141.59-sources.jar C:\yoga\My_Projects\selenium-java-3.141.59\libs\byte-buddy-1.8.15.jar C:\yoga\My_Projects\selenium-java-3.141.59\libs\commons-exec-1.3.jar C:\yoga\My_Projects\selenium-java-3.141.59\libs\guava-25.0-jre.jar C:\yoga\My_Projects\selenium-java-3.141.59\libs\okhttp-3.11.0.jar C:\yoga\My_Projects\selenium-java-3.141.59\libs\okio-1.14.0.jar C:\Users\yogan\.m2\repository\junit\junit\3.8.1\junit-3.8.1.jar C:\Users\yogan\.m2\repository\org\seleniumhq\selenium\selenium-java\3.141.59\selenium-java-3.141.59.jar C:\Users\yogan\.m2\repository\org\seleniumhq\selenium\selenium-api\3.141.59\selenium-api-3.141.59.jar C:\Users\yogan\.m2\repository\org\seleniumhq\selenium\selenium-chrome-driver\3.141.59\selenium-chrome-driver-3.141.59.jar C:\Users\yogan\.m2\repository\org\seleniumhq\selenium\selenium-edge-driver\3.141.59\selenium-edge-driver-3.141.59.jar C:\Users\yogan\.m2\repository\org\seleniumhq\selenium\selenium-firefox-driver\3.141.59\selenium-firefox-driver-3.141.59.jar C:\Users\yogan\.m2\repository\org\seleniumhq\selenium\selenium-ie-driver\3.141.59\selenium-ie-driver-3.141.59.jar C:\Users\yogan\.m2\repository\org\seleniumhq\selenium\selenium-opera-driver\3.141.59\selenium-opera-driver-3.141.59.jar C:\Users\yogan\.m2\repository\org\seleniumhq\selenium\selenium-remote-driver\3.141.59\selenium-remote-driver-3.141.59.jar C:\Users\yogan\.m2\repository\org\seleniumhq\selenium\selenium-safari-driver\3.141.59\selenium-safari-driver-3.141.59.jar C:\Users\yogan\.m2\repository\org\seleniumhq\selenium\selenium-support\3.141.59\selenium-support-3.141.59.jar C:\Users\yogan\.m2\repository\net\bytebuddy\byte-buddy\1.8.15\byte-buddy-1.8.15.jar C:\Users\yogan\.m2\repository\org\apache\commons\commons-exec\1.3\commons-exec-1.3.jar C:\Users\yogan\.m2\repository\com\google\guava\guava\25.0-jre\guava-25.0-jre.jar C:\Users\yogan\.m2\repository\com\google\code\findbugs\jsr305\1.3.9\jsr305-1.3.9.jar C:\Users\yogan\.m2\repository\org\checkerframework\checker-compat-qual\2.0.0\checker-compat-qual-2.0.0.jar C:\Users\yogan\.m2\repository\com\google\errorprone\error_prone_annotations\2.1.3\error_prone_annotations-2.1.3.jar C:\Users\yogan\.m2\repository\com\google\j2objc\j2objc-annotations\1.1\j2objc-annotations-1.1.jar C:\Users\yogan\.m2\repository\org\codehaus\mojo\animal-sniffer-annotations\1.14\animal-sniffer-annotations-1.14.jar C:\Users\yogan\.m2\repository\com\squareup\okhttp3\okhttp\3.11.0\okhttp-3.11.0.jar C:\Users\yogan\.m2\repository\com\squareup\okio\okio\1.14.0\okio-1.14.0.jar C:\Users\yogan\.m2\repository\org\testng\testng\6.8\testng-6.8.jar C:\Users\yogan\.m2\repository\org\beanshell\bsh\2.0b4\bsh-2.0b4.jar C:\Users\yogan\.m2\repository\com\beust\jcommander\1.27\jcommander-1.27.jar C:\Users\yogan\.m2\repository\org\yaml\snakeyaml\1.6\snakeyaml-1.6.jar
  VMArgs:    -ea
  Class:     org.testng.remote.RemoteTestNG
  Args:      -serport 49883 -protocol json -d C:\yoga\My_Projects\Git_Project\com.gitproject\test-output C:\yoga\My_Projects\Git_Project\com.gitproject\testng1.xml
java -ea -classpath C:\Users\yogan\eclipse\java-2019-092\eclipse\configuration\org.eclipse.osgi\488\0\.cp\lib\testng-remote.jar:C:\yoga\My_Projects\Git_Project\com.gitproject\target\test-classes:C:\yoga\My_Projects\Git_Project\com.gitproject\target\classes:C:\yoga\My_Projects\selenium-java-3.141.59\client-combined-3.141.59.jar:C:\yoga\My_Projects\selenium-java-3.141.59\client-combined-3.141.59-sources.jar:C:\yoga\My_Projects\selenium-java-3.141.59\libs\byte-buddy-1.8.15.jar:C:\yoga\My_Projects\selenium-java-3.141.59\libs\commons-exec-1.3.jar:C:\yoga\My_Projects\selenium-java-3.141.59\libs\guava-25.0-jre.jar:C:\yoga\My_Projects\selenium-java-3.141.59\libs\okhttp-3.11.0.jar:C:\yoga\My_Projects\selenium-java-3.141.59\libs\okio-1.14.0.jar:C:\Users\yogan\.m2\repository\junit\junit\3.8.1\junit-3.8.1.jar:C:\Users\yogan\.m2\repository\org\seleniumhq\selenium\selenium-java\3.141.59\selenium-java-3.141.59.jar:C:\Users\yogan\.m2\repository\org\seleniumhq\selenium\selenium-api\3.141.59\selenium-api-3.141.59.jar:C:\Users\yogan\.m2\repository\org\seleniumhq\selenium\selenium-chrome-driver\3.141.59\selenium-chrome-driver-3.141.59.jar:C:\Users\yogan\.m2\repository\org\seleniumhq\selenium\selenium-edge-driver\3.141.59\selenium-edge-driver-3.141.59.jar:C:\Users\yogan\.m2\repository\org\seleniumhq\selenium\selenium-firefox-driver\3.141.59\selenium-firefox-driver-3.141.59.jar:C:\Users\yogan\.m2\repository\org\seleniumhq\selenium\selenium-ie-driver\3.141.59\selenium-ie-driver-3.141.59.jar:C:\Users\yogan\.m2\repository\org\seleniumhq\selenium\selenium-opera-driver\3.141.59\selenium-opera-driver-3.141.59.jar:C:\Users\yogan\.m2\repository\org\seleniumhq\selenium\selenium-remote-driver\3.141.59\selenium-remote-driver-3.141.59.jar:C:\Users\yogan\.m2\repository\org\seleniumhq\selenium\selenium-safari-driver\3.141.59\selenium-safari-driver-3.141.59.jar:C:\Users\yogan\.m2\repository\org\seleniumhq\selenium\selenium-support\3.141.59\selenium-support-3.141.59.jar:C:\Users\yogan\.m2\repository\net\bytebuddy\byte-buddy\1.8.15\byte-buddy-1.8.15.jar:C:\Users\yogan\.m2\repository\org\apache\commons\commons-exec\1.3\commons-exec-1.3.jar:C:\Users\yogan\.m2\repository\com\google\guava\guava\25.0-jre\guava-25.0-jre.jar:C:\Users\yogan\.m2\repository\com\google\code\findbugs\jsr305\1.3.9\jsr305-1.3.9.jar:C:\Users\yogan\.m2\repository\org\checkerframework\checker-compat-qual\2.0.0\checker-compat-qual-2.0.0.jar:C:\Users\yogan\.m2\repository\com\google\errorprone\error_prone_annotations\2.1.3\error_prone_annotations-2.1.3.jar:C:\Users\yogan\.m2\repository\com\google\j2objc\j2objc-annotations\1.1\j2objc-annotations-1.1.jar:C:\Users\yogan\.m2\repository\org\codehaus\mojo\animal-sniffer-annotations\1.14\animal-sniffer-annotations-1.14.jar:C:\Users\yogan\.m2\repository\com\squareup\okhttp3\okhttp\3.11.0\okhttp-3.11.0.jar:C:\Users\yogan\.m2\repository\com\squareup\okio\okio\1.14.0\okio-1.14.0.jar:C:\Users\yogan\.m2\repository\org\testng\testng\6.8\testng-6.8.jar:C:\Users\yogan\.m2\repository\org\beanshell\bsh\2.0b4\bsh-2.0b4.jar:C:\Users\yogan\.m2\repository\com\beust\jcommander\1.27\jcommander-1.27.jar:C:\Users\yogan\.m2\repository\org\yaml\snakeyaml\1.6\snakeyaml-1.6.jar org.testng.remote.RemoteTestNG -serport 49883 -protocol json -d C:\yoga\My_Projects\Git_Project\com.gitproject\test-output C:\yoga\My_Projects\Git_Project\com.gitproject\testng1.xml

!ENTRY org.testng.eclipse 1 0 2021-06-08 05:31:51.672
!MESSAGE [TestNGLaunchConfigurationDelegate] Launching:
  Classpath: C:\Users\yogan\eclipse\java-2019-092\eclipse\configuration\org.eclipse.osgi\488\0\.cp\lib\testng-remote.jar C:\yoga\My_Projects\Git_Project\com.gitproject\target\test-classes C:\yoga\My_Projects\Git_Project\com.gitproject\target\classes C:\yoga\My_Projects\selenium-java-3.141.59\client-combined-3.141.59.jar C:\yoga\My_Projects\selenium-java-3.141.59\client-combined-3.141.59-sources.jar C:\yoga\My_Projects\selenium-java-3.141.59\libs\byte-buddy-1.8.15.jar C:\yoga\My_Projects\selenium-java-3.141.59\libs\commons-exec-1.3.jar C:\yoga\My_Projects\selenium-java-3.141.59\libs\guava-25.0-jre.jar C:\yoga\My_Projects\selenium-java-3.141.59\libs\okhttp-3.11.0.jar C:\yoga\My_Projects\selenium-java-3.141.59\libs\okio-1.14.0.jar C:\Users\yogan\.m2\repository\junit\junit\3.8.1\junit-3.8.1.jar C:\Users\yogan\.m2\repository\org\seleniumhq\selenium\selenium-java\3.141.59\selenium-java-3.141.59.jar C:\Users\yogan\.m2\repository\org\seleniumhq\selenium\selenium-api\3.141.59\selenium-api-3.141.59.jar C:\Users\yogan\.m2\repository\org\seleniumhq\selenium\selenium-chrome-driver\3.141.59\selenium-chrome-driver-3.141.59.jar C:\Users\yogan\.m2\repository\org\seleniumhq\selenium\selenium-edge-driver\3.141.59\selenium-edge-driver-3.141.59.jar C:\Users\yogan\.m2\repository\org\seleniumhq\selenium\selenium-firefox-driver\3.141.59\selenium-firefox-driver-3.141.59.jar C:\Users\yogan\.m2\repository\org\seleniumhq\selenium\selenium-ie-driver\3.141.59\selenium-ie-driver-3.141.59.jar C:\Users\yogan\.m2\repository\org\seleniumhq\selenium\selenium-opera-driver\3.141.59\selenium-opera-driver-3.141.59.jar C:\Users\yogan\.m2\repository\org\seleniumhq\selenium\selenium-remote-driver\3.141.59\selenium-remote-driver-3.141.59.jar C:\Users\yogan\.m2\repository\org\seleniumhq\selenium\selenium-safari-driver\3.141.59\selenium-safari-driver-3.141.59.jar C:\Users\yogan\.m2\repository\org\seleniumhq\selenium\selenium-support\3.141.59\selenium-support-3.141.59.jar C:\Users\yogan\.m2\repository\net\bytebuddy\byte-buddy\1.8.15\byte-buddy-1.8.15.jar C:\Users\yogan\.m2\repository\org\apache\commons\commons-exec\1.3\commons-exec-1.3.jar C:\Users\yogan\.m2\repository\com\google\guava\guava\25.0-jre\guava-25.0-jre.jar C:\Users\yogan\.m2\repository\com\google\code\findbugs\jsr305\1.3.9\jsr305-1.3.9.jar C:\Users\yogan\.m2\repository\org\checkerframework\checker-compat-qual\2.0.0\checker-compat-qual-2.0.0.jar C:\Users\yogan\.m2\repository\com\google\errorprone\error_prone_annotations\2.1.3\error_prone_annotations-2.1.3.jar C:\Users\yogan\.m2\repository\com\google\j2objc\j2objc-annotations\1.1\j2objc-annotations-1.1.jar C:\Users\yogan\.m2\repository\org\codehaus\mojo\animal-sniffer-annotations\1.14\animal-sniffer-annotations-1.14.jar C:\Users\yogan\.m2\repository\com\squareup\okhttp3\okhttp\3.11.0\okhttp-3.11.0.jar C:\Users\yogan\.m2\repository\com\squareup\okio\okio\1.14.0\okio-1.14.0.jar C:\Users\yogan\.m2\repository\org\testng\testng\6.8\testng-6.8.jar C:\Users\yogan\.m2\repository\org\beanshell\bsh\2.0b4\bsh-2.0b4.jar C:\Users\yogan\.m2\repository\com\beust\jcommander\1.27\jcommander-1.27.jar C:\Users\yogan\.m2\repository\org\yaml\snakeyaml\1.6\snakeyaml-1.6.jar
  VMArgs:    -ea
  Class:     org.testng.remote.RemoteTestNG
  Args:      -serport 62941 -protocol json -d C:\yoga\My_Projects\Git_Project\com.gitproject\test-output C:\yoga\My_Projects\Git_Project\com.gitproject\testng.xml
java -ea -classpath C:\Users\yogan\eclipse\java-2019-092\eclipse\configuration\org.eclipse.osgi\488\0\.cp\lib\testng-remote.jar:C:\yoga\My_Projects\Git_Project\com.gitproject\target\test-classes:C:\yoga\My_Projects\Git_Project\com.gitproject\target\classes:C:\yoga\My_Projects\selenium-java-3.141.59\client-combined-3.141.59.jar:C:\yoga\My_Projects\selenium-java-3.141.59\client-combined-3.141.59-sources.jar:C:\yoga\My_Projects\selenium-java-3.141.59\libs\byte-buddy-1.8.15.jar:C:\yoga\My_Projects\selenium-java-3.141.59\libs\commons-exec-1.3.jar:C:\yoga\My_Projects\selenium-java-3.141.59\libs\guava-25.0-jre.jar:C:\yoga\My_Projects\selenium-java-3.141.59\libs\okhttp-3.11.0.jar:C:\yoga\My_Projects\selenium-java-3.141.59\libs\okio-1.14.0.jar:C:\Users\yogan\.m2\repository\junit\junit\3.8.1\junit-3.8.1.jar:C:\Users\yogan\.m2\repository\org\seleniumhq\selenium\selenium-java\3.141.59\selenium-java-3.141.59.jar:C:\Users\yogan\.m2\repository\org\seleniumhq\selenium\selenium-api\3.141.59\selenium-api-3.141.59.jar:C:\Users\yogan\.m2\repository\org\seleniumhq\selenium\selenium-chrome-driver\3.141.59\selenium-chrome-driver-3.141.59.jar:C:\Users\yogan\.m2\repository\org\seleniumhq\selenium\selenium-edge-driver\3.141.59\selenium-edge-driver-3.141.59.jar:C:\Users\yogan\.m2\repository\org\seleniumhq\selenium\selenium-firefox-driver\3.141.59\selenium-firefox-driver-3.141.59.jar:C:\Users\yogan\.m2\repository\org\seleniumhq\selenium\selenium-ie-driver\3.141.59\selenium-ie-driver-3.141.59.jar:C:\Users\yogan\.m2\repository\org\seleniumhq\selenium\selenium-opera-driver\3.141.59\selenium-opera-driver-3.141.59.jar:C:\Users\yogan\.m2\repository\org\seleniumhq\selenium\selenium-remote-driver\3.141.59\selenium-remote-driver-3.141.59.jar:C:\Users\yogan\.m2\repository\org\seleniumhq\selenium\selenium-safari-driver\3.141.59\selenium-safari-driver-3.141.59.jar:C:\Users\yogan\.m2\repository\org\seleniumhq\selenium\selenium-support\3.141.59\selenium-support-3.141.59.jar:C:\Users\yogan\.m2\repository\net\bytebuddy\byte-buddy\1.8.15\byte-buddy-1.8.15.jar:C:\Users\yogan\.m2\repository\org\apache\commons\commons-exec\1.3\commons-exec-1.3.jar:C:\Users\yogan\.m2\repository\com\google\guava\guava\25.0-jre\guava-25.0-jre.jar:C:\Users\yogan\.m2\repository\com\google\code\findbugs\jsr305\1.3.9\jsr305-1.3.9.jar:C:\Users\yogan\.m2\repository\org\checkerframework\checker-compat-qual\2.0.0\checker-compat-qual-2.0.0.jar:C:\Users\yogan\.m2\repository\com\google\errorprone\error_prone_annotations\2.1.3\error_prone_annotations-2.1.3.jar:C:\Users\yogan\.m2\repository\com\google\j2objc\j2objc-annotations\1.1\j2objc-annotations-1.1.jar:C:\Users\yogan\.m2\repository\org\codehaus\mojo\animal-sniffer-annotations\1.14\animal-sniffer-annotations-1.14.jar:C:\Users\yogan\.m2\repository\com\squareup\okhttp3\okhttp\3.11.0\okhttp-3.11.0.jar:C:\Users\yogan\.m2\repository\com\squareup\okio\okio\1.14.0\okio-1.14.0.jar:C:\Users\yogan\.m2\repository\org\testng\testng\6.8\testng-6.8.jar:C:\Users\yogan\.m2\repository\org\beanshell\bsh\2.0b4\bsh-2.0b4.jar:C:\Users\yogan\.m2\repository\com\beust\jcommander\1.27\jcommander-1.27.jar:C:\Users\yogan\.m2\repository\org\yaml\snakeyaml\1.6\snakeyaml-1.6.jar org.testng.remote.RemoteTestNG -serport 62941 -protocol json -d C:\yoga\My_Projects\Git_Project\com.gitproject\test-output C:\yoga\My_Projects\Git_Project\com.gitproject\testng.xml

!ENTRY org.eclipse.jdt.ui 2 0 2021-06-08 06:17:10.457
!MESSAGE The 'org.eclipse.mylyn.java.ui.javaAllCompletionProposalComputer' proposal computer from the 'org.eclipse.mylyn.java.ui' plug-in did not complete normally. The extension took too long to return from the 'computeCompletionProposals()' operation.

!ENTRY org.testng.eclipse 1 0 2021-06-08 06:25:09.276
!MESSAGE [TestNGLaunchConfigurationDelegate] Launching:
  Classpath: C:\Users\yogan\eclipse\java-2019-092\eclipse\configuration\org.eclipse.osgi\488\0\.cp\lib\testng-remote.jar C:\yoga\My_Projects\Git_Project\com.gitproject\target\test-classes C:\yoga\My_Projects\Git_Project\com.gitproject\target\classes C:\yoga\My_Projects\selenium-java-3.141.59\client-combined-3.141.59.jar C:\yoga\My_Projects\selenium-java-3.141.59\client-combined-3.141.59-sources.jar C:\yoga\My_Projects\selenium-java-3.141.59\libs\byte-buddy-1.8.15.jar C:\yoga\My_Projects\selenium-java-3.141.59\libs\commons-exec-1.3.jar C:\yoga\My_Projects\selenium-java-3.141.59\libs\guava-25.0-jre.jar C:\yoga\My_Projects\selenium-java-3.141.59\libs\okhttp-3.11.0.jar C:\yoga\My_Projects\selenium-java-3.141.59\libs\okio-1.14.0.jar C:\Users\yogan\.m2\repository\org\testng\testng\6.8\testng-6.8.jar C:\Users\yogan\.p2\pool\plugins\org.testng_7.0.0.r201908191551.jar C:\Users\yogan\.p2\pool\plugins\com.beust.jcommander_1.72.0.jar C:\Users\yogan\.p2\pool\plugins\org.apache-extras.beanshell.bsh_2.0.0.b6.jar C:\Users\yogan\.p2\pool\plugins\org.yaml.snakeyaml_1.21.0.jar C:\Users\yogan\.m2\repository\junit\junit\3.8.1\junit-3.8.1.jar C:\Users\yogan\.m2\repository\org\seleniumhq\selenium\selenium-java\3.141.59\selenium-java-3.141.59.jar C:\Users\yogan\.m2\repository\org\seleniumhq\selenium\selenium-api\3.141.59\selenium-api-3.141.59.jar C:\Users\yogan\.m2\repository\org\seleniumhq\selenium\selenium-chrome-driver\3.141.59\selenium-chrome-driver-3.141.59.jar C:\Users\yogan\.m2\repository\org\seleniumhq\selenium\selenium-edge-driver\3.141.59\selenium-edge-driver-3.141.59.jar C:\Users\yogan\.m2\repository\org\seleniumhq\selenium\selenium-firefox-driver\3.141.59\selenium-firefox-driver-3.141.59.jar C:\Users\yogan\.m2\repository\org\seleniumhq\selenium\selenium-ie-driver\3.141.59\selenium-ie-driver-3.141.59.jar C:\Users\yogan\.m2\repository\org\seleniumhq\selenium\selenium-opera-driver\3.141.59\selenium-opera-driver-3.141.59.jar C:\Users\yogan\.m2\repository\org\seleniumhq\selenium\selenium-remote-driver\3.141.59\selenium-remote-driver-3.141.59.jar C:\Users\yogan\.m2\repository\org\seleniumhq\selenium\selenium-safari-driver\3.141.59\selenium-safari-driver-3.141.59.jar C:\Users\yogan\.m2\repository\org\seleniumhq\selenium\selenium-support\3.141.59\selenium-support-3.141.59.jar C:\Users\yogan\.m2\repository\net\bytebuddy\byte-buddy\1.8.15\byte-buddy-1.8.15.jar C:\Users\yogan\.m2\repository\org\apache\commons\commons-exec\1.3\commons-exec-1.3.jar C:\Users\yogan\.m2\repository\com\google\guava\guava\25.0-jre\guava-25.0-jre.jar C:\Users\yogan\.m2\repository\com\google\code\findbugs\jsr305\1.3.9\jsr305-1.3.9.jar C:\Users\yogan\.m2\repository\org\checkerframework\checker-compat-qual\2.0.0\checker-compat-qual-2.0.0.jar C:\Users\yogan\.m2\repository\com\google\errorprone\error_prone_annotations\2.1.3\error_prone_annotations-2.1.3.jar C:\Users\yogan\.m2\repository\com\google\j2objc\j2objc-annotations\1.1\j2objc-annotations-1.1.jar C:\Users\yogan\.m2\repository\org\codehaus\mojo\animal-sniffer-annotations\1.14\animal-sniffer-annotations-1.14.jar C:\Users\yogan\.m2\repository\com\squareup\okhttp3\okhttp\3.11.0\okhttp-3.11.0.jar C:\Users\yogan\.m2\repository\com\squareup\okio\okio\1.14.0\okio-1.14.0.jar C:\Users\yogan\.m2\repository\org\beanshell\bsh\2.0b4\bsh-2.0b4.jar C:\Users\yogan\.m2\repository\com\beust\jcommander\1.27\jcommander-1.27.jar C:\Users\yogan\.m2\repository\org\yaml\snakeyaml\1.6\snakeyaml-1.6.jar
  VMArgs:    -ea
  Class:     org.testng.remote.RemoteTestNG
  Args:      -serport 52527 -protocol json -d C:\yoga\My_Projects\Git_Project\com.gitproject\test-output C:\yoga\My_Projects\Git_Project\com.gitproject\testng.xml
java -ea -classpath C:\Users\yogan\eclipse\java-2019-092\eclipse\configuration\org.eclipse.osgi\488\0\.cp\lib\testng-remote.jar:C:\yoga\My_Projects\Git_Project\com.gitproject\target\test-classes:C:\yoga\My_Projects\Git_Project\com.gitproject\target\classes:C:\yoga\My_Projects\selenium-java-3.141.59\client-combined-3.141.59.jar:C:\yoga\My_Projects\selenium-java-3.141.59\client-combined-3.141.59-sources.jar:C:\yoga\My_Projects\selenium-java-3.141.59\libs\byte-buddy-1.8.15.jar:C:\yoga\My_Projects\selenium-java-3.141.59\libs\commons-exec-1.3.jar:C:\yoga\My_Projects\selenium-java-3.141.59\libs\guava-25.0-jre.jar:C:\yoga\My_Projects\selenium-java-3.141.59\libs\okhttp-3.11.0.jar:C:\yoga\My_Projects\selenium-java-3.141.59\libs\okio-1.14.0.jar:C:\Users\yogan\.m2\repository\org\testng\testng\6.8\testng-6.8.jar:C:\Users\yogan\.p2\pool\plugins\org.testng_7.0.0.r201908191551.jar:C:\Users\yogan\.p2\pool\plugins\com.beust.jcommander_1.72.0.jar:C:\Users\yogan\.p2\pool\plugins\org.apache-extras.beanshell.bsh_2.0.0.b6.jar:C:\Users\yogan\.p2\pool\plugins\org.yaml.snakeyaml_1.21.0.jar:C:\Users\yogan\.m2\repository\junit\junit\3.8.1\junit-3.8.1.jar:C:\Users\yogan\.m2\repository\org\seleniumhq\selenium\selenium-java\3.141.59\selenium-java-3.141.59.jar:C:\Users\yogan\.m2\repository\org\seleniumhq\selenium\selenium-api\3.141.59\selenium-api-3.141.59.jar:C:\Users\yogan\.m2\repository\org\seleniumhq\selenium\selenium-chrome-driver\3.141.59\selenium-chrome-driver-3.141.59.jar:C:\Users\yogan\.m2\repository\org\seleniumhq\selenium\selenium-edge-driver\3.141.59\selenium-edge-driver-3.141.59.jar:C:\Users\yogan\.m2\repository\org\seleniumhq\selenium\selenium-firefox-driver\3.141.59\selenium-firefox-driver-3.141.59.jar:C:\Users\yogan\.m2\repository\org\seleniumhq\selenium\selenium-ie-driver\3.141.59\selenium-ie-driver-3.141.59.jar:C:\Users\yogan\.m2\repository\org\seleniumhq\selenium\selenium-opera-driver\3.141.59\selenium-opera-driver-3.141.59.jar:C:\Users\yogan\.m2\repository\org\seleniumhq\selenium\selenium-remote-driver\3.141.59\selenium-remote-driver-3.141.59.jar:C:\Users\yogan\.m2\repository\org\seleniumhq\selenium\selenium-safari-driver\3.141.59\selenium-safari-driver-3.141.59.jar:C:\Users\yogan\.m2\repository\org\seleniumhq\selenium\selenium-support\3.141.59\selenium-support-3.141.59.jar:C:\Users\yogan\.m2\repository\net\bytebuddy\byte-buddy\1.8.15\byte-buddy-1.8.15.jar:C:\Users\yogan\.m2\repository\org\apache\commons\commons-exec\1.3\commons-exec-1.3.jar:C:\Users\yogan\.m2\repository\com\google\guava\guava\25.0-jre\guava-25.0-jre.jar:C:\Users\yogan\.m2\repository\com\google\code\findbugs\jsr305\1.3.9\jsr305-1.3.9.jar:C:\Users\yogan\.m2\repository\org\checkerframework\checker-compat-qual\2.0.0\checker-compat-qual-2.0.0.jar:C:\Users\yogan\.m2\repository\com\google\errorprone\error_prone_annotations\2.1.3\error_prone_annotations-2.1.3.jar:C:\Users\yogan\.m2\repository\com\google\j2objc\j2objc-annotations\1.1\j2objc-annotations-1.1.jar:C:\Users\yogan\.m2\repository\org\codehaus\mojo\animal-sniffer-annotations\1.14\animal-sniffer-annotations-1.14.jar:C:\Users\yogan\.m2\repository\com\squareup\okhttp3\okhttp\3.11.0\okhttp-3.11.0.jar:C:\Users\yogan\.m2\repository\com\squareup\okio\okio\1.14.0\okio-1.14.0.jar:C:\Users\yogan\.m2\repository\org\beanshell\bsh\2.0b4\bsh-2.0b4.jar:C:\Users\yogan\.m2\repository\com\beust\jcommander\1.27\jcommander-1.27.jar:C:\Users\yogan\.m2\repository\org\yaml\snakeyaml\1.6\snakeyaml-1.6.jar org.testng.remote.RemoteTestNG -serport 52527 -protocol json -d C:\yoga\My_Projects\Git_Project\com.gitproject\test-output C:\yoga\My_Projects\Git_Project\com.gitproject\testng.xml

!ENTRY org.testng.eclipse 1 0 2021-06-08 06:27:02.722
!MESSAGE [TestNGLaunchConfigurationDelegate] Launching:
  Classpath: C:\Users\yogan\eclipse\java-2019-092\eclipse\configuration\org.eclipse.osgi\488\0\.cp\lib\testng-remote.jar C:\yoga\My_Projects\Git_Project\com.gitproject\target\test-classes C:\yoga\My_Projects\Git_Project\com.gitproject\target\classes C:\yoga\My_Projects\selenium-java-3.141.59\client-combined-3.141.59.jar C:\yoga\My_Projects\selenium-java-3.141.59\client-combined-3.141.59-sources.jar C:\yoga\My_Projects\selenium-java-3.141.59\libs\byte-buddy-1.8.15.jar C:\yoga\My_Projects\selenium-java-3.141.59\libs\commons-exec-1.3.jar C:\yoga\My_Projects\selenium-java-3.141.59\libs\guava-25.0-jre.jar C:\yoga\My_Projects\selenium-java-3.141.59\libs\okhttp-3.11.0.jar C:\yoga\My_Projects\selenium-java-3.141.59\libs\okio-1.14.0.jar C:\Users\yogan\.m2\repository\org\testng\testng\6.8\testng-6.8.jar C:\Users\yogan\.p2\pool\plugins\org.testng_7.0.0.r201908191551.jar C:\Users\yogan\.p2\pool\plugins\com.beust.jcommander_1.72.0.jar C:\Users\yogan\.p2\pool\plugins\org.apache-extras.beanshell.bsh_2.0.0.b6.jar C:\Users\yogan\.p2\pool\plugins\org.yaml.snakeyaml_1.21.0.jar C:\Users\yogan\.m2\repository\junit\junit\3.8.1\junit-3.8.1.jar C:\Users\yogan\.m2\repository\org\seleniumhq\selenium\selenium-java\3.141.59\selenium-java-3.141.59.jar C:\Users\yogan\.m2\repository\org\seleniumhq\selenium\selenium-api\3.141.59\selenium-api-3.141.59.jar C:\Users\yogan\.m2\repository\org\seleniumhq\selenium\selenium-chrome-driver\3.141.59\selenium-chrome-driver-3.141.59.jar C:\Users\yogan\.m2\repository\org\seleniumhq\selenium\selenium-edge-driver\3.141.59\selenium-edge-driver-3.141.59.jar C:\Users\yogan\.m2\repository\org\seleniumhq\selenium\selenium-firefox-driver\3.141.59\selenium-firefox-driver-3.141.59.jar C:\Users\yogan\.m2\repository\org\seleniumhq\selenium\selenium-ie-driver\3.141.59\selenium-ie-driver-3.141.59.jar C:\Users\yogan\.m2\repository\org\seleniumhq\selenium\selenium-opera-driver\3.141.59\selenium-opera-driver-3.141.59.jar C:\Users\yogan\.m2\repository\org\seleniumhq\selenium\selenium-remote-driver\3.141.59\selenium-remote-driver-3.141.59.jar C:\Users\yogan\.m2\repository\org\seleniumhq\selenium\selenium-safari-driver\3.141.59\selenium-safari-driver-3.141.59.jar C:\Users\yogan\.m2\repository\org\seleniumhq\selenium\selenium-support\3.141.59\selenium-support-3.141.59.jar C:\Users\yogan\.m2\repository\net\bytebuddy\byte-buddy\1.8.15\byte-buddy-1.8.15.jar C:\Users\yogan\.m2\repository\org\apache\commons\commons-exec\1.3\commons-exec-1.3.jar C:\Users\yogan\.m2\repository\com\google\guava\guava\25.0-jre\guava-25.0-jre.jar C:\Users\yogan\.m2\repository\com\google\code\findbugs\jsr305\1.3.9\jsr305-1.3.9.jar C:\Users\yogan\.m2\repository\org\checkerframework\checker-compat-qual\2.0.0\checker-compat-qual-2.0.0.jar C:\Users\yogan\.m2\repository\com\google\errorprone\error_prone_annotations\2.1.3\error_prone_annotations-2.1.3.jar C:\Users\yogan\.m2\repository\com\google\j2objc\j2objc-annotations\1.1\j2objc-annotations-1.1.jar C:\Users\yogan\.m2\repository\org\codehaus\mojo\animal-sniffer-annotations\1.14\animal-sniffer-annotations-1.14.jar C:\Users\yogan\.m2\repository\com\squareup\okhttp3\okhttp\3.11.0\okhttp-3.11.0.jar C:\Users\yogan\.m2\repository\com\squareup\okio\okio\1.14.0\okio-1.14.0.jar C:\Users\yogan\.m2\repository\org\beanshell\bsh\2.0b4\bsh-2.0b4.jar C:\Users\yogan\.m2\repository\com\beust\jcommander\1.27\jcommander-1.27.jar C:\Users\yogan\.m2\repository\org\yaml\snakeyaml\1.6\snakeyaml-1.6.jar
  VMArgs:    -ea
  Class:     org.testng.remote.RemoteTestNG
  Args:      -serport 52543 -protocol json -d C:\yoga\My_Projects\Git_Project\com.gitproject\test-output C:\yoga\My_Projects\Git_Project\com.gitproject\testng.xml
java -ea -classpath C:\Users\yogan\eclipse\java-2019-092\eclipse\configuration\org.eclipse.osgi\488\0\.cp\lib\testng-remote.jar:C:\yoga\My_Projects\Git_Project\com.gitproject\target\test-classes:C:\yoga\My_Projects\Git_Project\com.gitproject\target\classes:C:\yoga\My_Projects\selenium-java-3.141.59\client-combined-3.141.59.jar:C:\yoga\My_Projects\selenium-java-3.141.59\client-combined-3.141.59-sources.jar:C:\yoga\My_Projects\selenium-java-3.141.59\libs\byte-buddy-1.8.15.jar:C:\yoga\My_Projects\selenium-java-3.141.59\libs\commons-exec-1.3.jar:C:\yoga\My_Projects\selenium-java-3.141.59\libs\guava-25.0-jre.jar:C:\yoga\My_Projects\selenium-java-3.141.59\libs\okhttp-3.11.0.jar:C:\yoga\My_Projects\selenium-java-3.141.59\libs\okio-1.14.0.jar:C:\Users\yogan\.m2\repository\org\testng\testng\6.8\testng-6.8.jar:C:\Users\yogan\.p2\pool\plugins\org.testng_7.0.0.r201908191551.jar:C:\Users\yogan\.p2\pool\plugins\com.beust.jcommander_1.72.0.jar:C:\Users\yogan\.p2\pool\plugins\org.apache-extras.beanshell.bsh_2.0.0.b6.jar:C:\Users\yogan\.p2\pool\plugins\org.yaml.snakeyaml_1.21.0.jar:C:\Users\yogan\.m2\repository\junit\junit\3.8.1\junit-3.8.1.jar:C:\Users\yogan\.m2\repository\org\seleniumhq\selenium\selenium-java\3.141.59\selenium-java-3.141.59.jar:C:\Users\yogan\.m2\repository\org\seleniumhq\selenium\selenium-api\3.141.59\selenium-api-3.141.59.jar:C:\Users\yogan\.m2\repository\org\seleniumhq\selenium\selenium-chrome-driver\3.141.59\selenium-chrome-driver-3.141.59.jar:C:\Users\yogan\.m2\repository\org\seleniumhq\selenium\selenium-edge-driver\3.141.59\selenium-edge-driver-3.141.59.jar:C:\Users\yogan\.m2\repository\org\seleniumhq\selenium\selenium-firefox-driver\3.141.59\selenium-firefox-driver-3.141.59.jar:C:\Users\yogan\.m2\repository\org\seleniumhq\selenium\selenium-ie-driver\3.141.59\selenium-ie-driver-3.141.59.jar:C:\Users\yogan\.m2\repository\org\seleniumhq\selenium\selenium-opera-driver\3.141.59\selenium-opera-driver-3.141.59.jar:C:\Users\yogan\.m2\repository\org\seleniumhq\selenium\selenium-remote-driver\3.141.59\selenium-remote-driver-3.141.59.jar:C:\Users\yogan\.m2\repository\org\seleniumhq\selenium\selenium-safari-driver\3.141.59\selenium-safari-driver-3.141.59.jar:C:\Users\yogan\.m2\repository\org\seleniumhq\selenium\selenium-support\3.141.59\selenium-support-3.141.59.jar:C:\Users\yogan\.m2\repository\net\bytebuddy\byte-buddy\1.8.15\byte-buddy-1.8.15.jar:C:\Users\yogan\.m2\repository\org\apache\commons\commons-exec\1.3\commons-exec-1.3.jar:C:\Users\yogan\.m2\repository\com\google\guava\guava\25.0-jre\guava-25.0-jre.jar:C:\Users\yogan\.m2\repository\com\google\code\findbugs\jsr305\1.3.9\jsr305-1.3.9.jar:C:\Users\yogan\.m2\repository\org\checkerframework\checker-compat-qual\2.0.0\checker-compat-qual-2.0.0.jar:C:\Users\yogan\.m2\repository\com\google\errorprone\error_prone_annotations\2.1.3\error_prone_annotations-2.1.3.jar:C:\Users\yogan\.m2\repository\com\google\j2objc\j2objc-annotations\1.1\j2objc-annotations-1.1.jar:C:\Users\yogan\.m2\repository\org\codehaus\mojo\animal-sniffer-annotations\1.14\animal-sniffer-annotations-1.14.jar:C:\Users\yogan\.m2\repository\com\squareup\okhttp3\okhttp\3.11.0\okhttp-3.11.0.jar:C:\Users\yogan\.m2\repository\com\squareup\okio\okio\1.14.0\okio-1.14.0.jar:C:\Users\yogan\.m2\repository\org\beanshell\bsh\2.0b4\bsh-2.0b4.jar:C:\Users\yogan\.m2\repository\com\beust\jcommander\1.27\jcommander-1.27.jar:C:\Users\yogan\.m2\repository\org\yaml\snakeyaml\1.6\snakeyaml-1.6.jar org.testng.remote.RemoteTestNG -serport 52543 -protocol json -d C:\yoga\My_Projects\Git_Project\com.gitproject\test-output C:\yoga\My_Projects\Git_Project\com.gitproject\testng.xml

!ENTRY org.testng.eclipse 1 0 2021-06-08 06:30:54.394
!MESSAGE [TestNGLaunchConfigurationDelegate] Launching:
  Classpath: C:\Users\yogan\eclipse\java-2019-092\eclipse\configuration\org.eclipse.osgi\488\0\.cp\lib\testng-remote.jar C:\yoga\My_Projects\Git_Project\com.gitproject\target\test-classes C:\yoga\My_Projects\Git_Project\com.gitproject\target\classes C:\yoga\My_Projects\selenium-java-3.141.59\client-combined-3.141.59.jar C:\yoga\My_Projects\selenium-java-3.141.59\client-combined-3.141.59-sources.jar C:\yoga\My_Projects\selenium-java-3.141.59\libs\byte-buddy-1.8.15.jar C:\yoga\My_Projects\selenium-java-3.141.59\libs\commons-exec-1.3.jar C:\yoga\My_Projects\selenium-java-3.141.59\libs\guava-25.0-jre.jar C:\yoga\My_Projects\selenium-java-3.141.59\libs\okhttp-3.11.0.jar C:\yoga\My_Projects\selenium-java-3.141.59\libs\okio-1.14.0.jar C:\Users\yogan\.m2\repository\org\testng\testng\6.8\testng-6.8.jar C:\Users\yogan\.p2\pool\plugins\org.testng_7.0.0.r201908191551.jar C:\Users\yogan\.p2\pool\plugins\com.beust.jcommander_1.72.0.jar C:\Users\yogan\.p2\pool\plugins\org.apache-extras.beanshell.bsh_2.0.0.b6.jar C:\Users\yogan\.p2\pool\plugins\org.yaml.snakeyaml_1.21.0.jar C:\Users\yogan\.m2\repository\junit\junit\3.8.1\junit-3.8.1.jar C:\Users\yogan\.m2\repository\org\seleniumhq\selenium\selenium-java\3.141.59\selenium-java-3.141.59.jar C:\Users\yogan\.m2\repository\org\seleniumhq\selenium\selenium-api\3.141.59\selenium-api-3.141.59.jar C:\Users\yogan\.m2\repository\org\seleniumhq\selenium\selenium-chrome-driver\3.141.59\selenium-chrome-driver-3.141.59.jar C:\Users\yogan\.m2\repository\org\seleniumhq\selenium\selenium-edge-driver\3.141.59\selenium-edge-driver-3.141.59.jar C:\Users\yogan\.m2\repository\org\seleniumhq\selenium\selenium-firefox-driver\3.141.59\selenium-firefox-driver-3.141.59.jar C:\Users\yogan\.m2\repository\org\seleniumhq\selenium\selenium-ie-driver\3.141.59\selenium-ie-driver-3.141.59.jar C:\Users\yogan\.m2\repository\org\seleniumhq\selenium\selenium-opera-driver\3.141.59\selenium-opera-driver-3.141.59.jar C:\Users\yogan\.m2\repository\org\seleniumhq\selenium\selenium-remote-driver\3.141.59\selenium-remote-driver-3.141.59.jar C:\Users\yogan\.m2\repository\org\seleniumhq\selenium\selenium-safari-driver\3.141.59\selenium-safari-driver-3.141.59.jar C:\Users\yogan\.m2\repository\org\seleniumhq\selenium\selenium-support\3.141.59\selenium-support-3.141.59.jar C:\Users\yogan\.m2\repository\net\bytebuddy\byte-buddy\1.8.15\byte-buddy-1.8.15.jar C:\Users\yogan\.m2\repository\org\apache\commons\commons-exec\1.3\commons-exec-1.3.jar C:\Users\yogan\.m2\repository\com\google\guava\guava\25.0-jre\guava-25.0-jre.jar C:\Users\yogan\.m2\repository\com\google\code\findbugs\jsr305\1.3.9\jsr305-1.3.9.jar C:\Users\yogan\.m2\repository\org\checkerframework\checker-compat-qual\2.0.0\checker-compat-qual-2.0.0.jar C:\Users\yogan\.m2\repository\com\google\errorprone\error_prone_annotations\2.1.3\error_prone_annotations-2.1.3.jar C:\Users\yogan\.m2\repository\com\google\j2objc\j2objc-annotations\1.1\j2objc-annotations-1.1.jar C:\Users\yogan\.m2\repository\org\codehaus\mojo\animal-sniffer-annotations\1.14\animal-sniffer-annotations-1.14.jar C:\Users\yogan\.m2\repository\com\squareup\okhttp3\okhttp\3.11.0\okhttp-3.11.0.jar C:\Users\yogan\.m2\repository\com\squareup\okio\okio\1.14.0\okio-1.14.0.jar C:\Users\yogan\.m2\repository\org\beanshell\bsh\2.0b4\bsh-2.0b4.jar C:\Users\yogan\.m2\repository\com\beust\jcommander\1.27\jcommander-1.27.jar C:\Users\yogan\.m2\repository\org\yaml\snakeyaml\1.6\snakeyaml-1.6.jar
  VMArgs:    -ea
  Class:     org.testng.remote.RemoteTestNG
  Args:      -serport 56052 -protocol json -d C:\yoga\My_Projects\Git_Project\com.gitproject\test-output C:\yoga\My_Projects\Git_Project\com.gitproject\testng.xml
java -ea -classpath C:\Users\yogan\eclipse\java-2019-092\eclipse\configuration\org.eclipse.osgi\488\0\.cp\lib\testng-remote.jar:C:\yoga\My_Projects\Git_Project\com.gitproject\target\test-classes:C:\yoga\My_Projects\Git_Project\com.gitproject\target\classes:C:\yoga\My_Projects\selenium-java-3.141.59\client-combined-3.141.59.jar:C:\yoga\My_Projects\selenium-java-3.141.59\client-combined-3.141.59-sources.jar:C:\yoga\My_Projects\selenium-java-3.141.59\libs\byte-buddy-1.8.15.jar:C:\yoga\My_Projects\selenium-java-3.141.59\libs\commons-exec-1.3.jar:C:\yoga\My_Projects\selenium-java-3.141.59\libs\guava-25.0-jre.jar:C:\yoga\My_Projects\selenium-java-3.141.59\libs\okhttp-3.11.0.jar:C:\yoga\My_Projects\selenium-java-3.141.59\libs\okio-1.14.0.jar:C:\Users\yogan\.m2\repository\org\testng\testng\6.8\testng-6.8.jar:C:\Users\yogan\.p2\pool\plugins\org.testng_7.0.0.r201908191551.jar:C:\Users\yogan\.p2\pool\plugins\com.beust.jcommander_1.72.0.jar:C:\Users\yogan\.p2\pool\plugins\org.apache-extras.beanshell.bsh_2.0.0.b6.jar:C:\Users\yogan\.p2\pool\plugins\org.yaml.snakeyaml_1.21.0.jar:C:\Users\yogan\.m2\repository\junit\junit\3.8.1\junit-3.8.1.jar:C:\Users\yogan\.m2\repository\org\seleniumhq\selenium\selenium-java\3.141.59\selenium-java-3.141.59.jar:C:\Users\yogan\.m2\repository\org\seleniumhq\selenium\selenium-api\3.141.59\selenium-api-3.141.59.jar:C:\Users\yogan\.m2\repository\org\seleniumhq\selenium\selenium-chrome-driver\3.141.59\selenium-chrome-driver-3.141.59.jar:C:\Users\yogan\.m2\repository\org\seleniumhq\selenium\selenium-edge-driver\3.141.59\selenium-edge-driver-3.141.59.jar:C:\Users\yogan\.m2\repository\org\seleniumhq\selenium\selenium-firefox-driver\3.141.59\selenium-firefox-driver-3.141.59.jar:C:\Users\yogan\.m2\repository\org\seleniumhq\selenium\selenium-ie-driver\3.141.59\selenium-ie-driver-3.141.59.jar:C:\Users\yogan\.m2\repository\org\seleniumhq\selenium\selenium-opera-driver\3.141.59\selenium-opera-driver-3.141.59.jar:C:\Users\yogan\.m2\repository\org\seleniumhq\selenium\selenium-remote-driver\3.141.59\selenium-remote-driver-3.141.59.jar:C:\Users\yogan\.m2\repository\org\seleniumhq\selenium\selenium-safari-driver\3.141.59\selenium-safari-driver-3.141.59.jar:C:\Users\yogan\.m2\repository\org\seleniumhq\selenium\selenium-support\3.141.59\selenium-support-3.141.59.jar:C:\Users\yogan\.m2\repository\net\bytebuddy\byte-buddy\1.8.15\byte-buddy-1.8.15.jar:C:\Users\yogan\.m2\repository\org\apache\commons\commons-exec\1.3\commons-exec-1.3.jar:C:\Users\yogan\.m2\repository\com\google\guava\guava\25.0-jre\guava-25.0-jre.jar:C:\Users\yogan\.m2\repository\com\google\code\findbugs\jsr305\1.3.9\jsr305-1.3.9.jar:C:\Users\yogan\.m2\repository\org\checkerframework\checker-compat-qual\2.0.0\checker-compat-qual-2.0.0.jar:C:\Users\yogan\.m2\repository\com\google\errorprone\error_prone_annotations\2.1.3\error_prone_annotations-2.1.3.jar:C:\Users\yogan\.m2\repository\com\google\j2objc\j2objc-annotations\1.1\j2objc-annotations-1.1.jar:C:\Users\yogan\.m2\repository\org\codehaus\mojo\animal-sniffer-annotations\1.14\animal-sniffer-annotations-1.14.jar:C:\Users\yogan\.m2\repository\com\squareup\okhttp3\okhttp\3.11.0\okhttp-3.11.0.jar:C:\Users\yogan\.m2\repository\com\squareup\okio\okio\1.14.0\okio-1.14.0.jar:C:\Users\yogan\.m2\repository\org\beanshell\bsh\2.0b4\bsh-2.0b4.jar:C:\Users\yogan\.m2\repository\com\beust\jcommander\1.27\jcommander-1.27.jar:C:\Users\yogan\.m2\repository\org\yaml\snakeyaml\1.6\snakeyaml-1.6.jar org.testng.remote.RemoteTestNG -serport 56052 -protocol json -d C:\yoga\My_Projects\Git_Project\com.gitproject\test-output C:\yoga\My_Projects\Git_Project\com.gitproject\testng.xml

!ENTRY org.testng.eclipse 1 0 2021-06-08 06:31:52.322
!MESSAGE [TestNGLaunchConfigurationDelegate] Launching:
  Classpath: C:\Users\yogan\eclipse\java-2019-092\eclipse\configuration\org.eclipse.osgi\488\0\.cp\lib\testng-remote.jar C:\yoga\My_Projects\Git_Project\com.gitproject\target\test-classes C:\yoga\My_Projects\Git_Project\com.gitproject\target\classes C:\yoga\My_Projects\selenium-java-3.141.59\client-combined-3.141.59.jar C:\yoga\My_Projects\selenium-java-3.141.59\client-combined-3.141.59-sources.jar C:\yoga\My_Projects\selenium-java-3.141.59\libs\byte-buddy-1.8.15.jar C:\yoga\My_Projects\selenium-java-3.141.59\libs\commons-exec-1.3.jar C:\yoga\My_Projects\selenium-java-3.141.59\libs\guava-25.0-jre.jar C:\yoga\My_Projects\selenium-java-3.141.59\libs\okhttp-3.11.0.jar C:\yoga\My_Projects\selenium-java-3.141.59\libs\okio-1.14.0.jar C:\Users\yogan\.m2\repository\org\testng\testng\6.8\testng-6.8.jar C:\Users\yogan\.p2\pool\plugins\org.testng_7.0.0.r201908191551.jar C:\Users\yogan\.p2\pool\plugins\com.beust.jcommander_1.72.0.jar C:\Users\yogan\.p2\pool\plugins\org.apache-extras.beanshell.bsh_2.0.0.b6.jar C:\Users\yogan\.p2\pool\plugins\org.yaml.snakeyaml_1.21.0.jar C:\Users\yogan\.m2\repository\junit\junit\3.8.1\junit-3.8.1.jar C:\Users\yogan\.m2\repository\org\seleniumhq\selenium\selenium-java\3.141.59\selenium-java-3.141.59.jar C:\Users\yogan\.m2\repository\org\seleniumhq\selenium\selenium-api\3.141.59\selenium-api-3.141.59.jar C:\Users\yogan\.m2\repository\org\seleniumhq\selenium\selenium-chrome-driver\3.141.59\selenium-chrome-driver-3.141.59.jar C:\Users\yogan\.m2\repository\org\seleniumhq\selenium\selenium-edge-driver\3.141.59\selenium-edge-driver-3.141.59.jar C:\Users\yogan\.m2\repository\org\seleniumhq\selenium\selenium-firefox-driver\3.141.59\selenium-firefox-driver-3.141.59.jar C:\Users\yogan\.m2\repository\org\seleniumhq\selenium\selenium-ie-driver\3.141.59\selenium-ie-driver-3.141.59.jar C:\Users\yogan\.m2\repository\org\seleniumhq\selenium\selenium-opera-driver\3.141.59\selenium-opera-driver-3.141.59.jar C:\Users\yogan\.m2\repository\org\seleniumhq\selenium\selenium-remote-driver\3.141.59\selenium-remote-driver-3.141.59.jar C:\Users\yogan\.m2\repository\org\seleniumhq\selenium\selenium-safari-driver\3.141.59\selenium-safari-driver-3.141.59.jar C:\Users\yogan\.m2\repository\org\seleniumhq\selenium\selenium-support\3.141.59\selenium-support-3.141.59.jar C:\Users\yogan\.m2\repository\net\bytebuddy\byte-buddy\1.8.15\byte-buddy-1.8.15.jar C:\Users\yogan\.m2\repository\org\apache\commons\commons-exec\1.3\commons-exec-1.3.jar C:\Users\yogan\.m2\repository\com\google\guava\guava\25.0-jre\guava-25.0-jre.jar C:\Users\yogan\.m2\repository\com\google\code\findbugs\jsr305\1.3.9\jsr305-1.3.9.jar C:\Users\yogan\.m2\repository\org\checkerframework\checker-compat-qual\2.0.0\checker-compat-qual-2.0.0.jar C:\Users\yogan\.m2\repository\com\google\errorprone\error_prone_annotations\2.1.3\error_prone_annotations-2.1.3.jar C:\Users\yogan\.m2\repository\com\google\j2objc\j2objc-annotations\1.1\j2objc-annotations-1.1.jar C:\Users\yogan\.m2\repository\org\codehaus\mojo\animal-sniffer-annotations\1.14\animal-sniffer-annotations-1.14.jar C:\Users\yogan\.m2\repository\com\squareup\okhttp3\okhttp\3.11.0\okhttp-3.11.0.jar C:\Users\yogan\.m2\repository\com\squareup\okio\okio\1.14.0\okio-1.14.0.jar C:\Users\yogan\.m2\repository\org\beanshell\bsh\2.0b4\bsh-2.0b4.jar C:\Users\yogan\.m2\repository\com\beust\jcommander\1.27\jcommander-1.27.jar C:\Users\yogan\.m2\repository\org\yaml\snakeyaml\1.6\snakeyaml-1.6.jar
  VMArgs:    -ea
  Class:     org.testng.remote.RemoteTestNG
  Args:      -serport 60358 -protocol json -d C:\yoga\My_Projects\Git_Project\com.gitproject\test-output C:\yoga\My_Projects\Git_Project\com.gitproject\testng.xml
java -ea -classpath C:\Users\yogan\eclipse\java-2019-092\eclipse\configuration\org.eclipse.osgi\488\0\.cp\lib\testng-remote.jar:C:\yoga\My_Projects\Git_Project\com.gitproject\target\test-classes:C:\yoga\My_Projects\Git_Project\com.gitproject\target\classes:C:\yoga\My_Projects\selenium-java-3.141.59\client-combined-3.141.59.jar:C:\yoga\My_Projects\selenium-java-3.141.59\client-combined-3.141.59-sources.jar:C:\yoga\My_Projects\selenium-java-3.141.59\libs\byte-buddy-1.8.15.jar:C:\yoga\My_Projects\selenium-java-3.141.59\libs\commons-exec-1.3.jar:C:\yoga\My_Projects\selenium-java-3.141.59\libs\guava-25.0-jre.jar:C:\yoga\My_Projects\selenium-java-3.141.59\libs\okhttp-3.11.0.jar:C:\yoga\My_Projects\selenium-java-3.141.59\libs\okio-1.14.0.jar:C:\Users\yogan\.m2\repository\org\testng\testng\6.8\testng-6.8.jar:C:\Users\yogan\.p2\pool\plugins\org.testng_7.0.0.r201908191551.jar:C:\Users\yogan\.p2\pool\plugins\com.beust.jcommander_1.72.0.jar:C:\Users\yogan\.p2\pool\plugins\org.apache-extras.beanshell.bsh_2.0.0.b6.jar:C:\Users\yogan\.p2\pool\plugins\org.yaml.snakeyaml_1.21.0.jar:C:\Users\yogan\.m2\repository\junit\junit\3.8.1\junit-3.8.1.jar:C:\Users\yogan\.m2\repository\org\seleniumhq\selenium\selenium-java\3.141.59\selenium-java-3.141.59.jar:C:\Users\yogan\.m2\repository\org\seleniumhq\selenium\selenium-api\3.141.59\selenium-api-3.141.59.jar:C:\Users\yogan\.m2\repository\org\seleniumhq\selenium\selenium-chrome-driver\3.141.59\selenium-chrome-driver-3.141.59.jar:C:\Users\yogan\.m2\repository\org\seleniumhq\selenium\selenium-edge-driver\3.141.59\selenium-edge-driver-3.141.59.jar:C:\Users\yogan\.m2\repository\org\seleniumhq\selenium\selenium-firefox-driver\3.141.59\selenium-firefox-driver-3.141.59.jar:C:\Users\yogan\.m2\repository\org\seleniumhq\selenium\selenium-ie-driver\3.141.59\selenium-ie-driver-3.141.59.jar:C:\Users\yogan\.m2\repository\org\seleniumhq\selenium\selenium-opera-driver\3.141.59\selenium-opera-driver-3.141.59.jar:C:\Users\yogan\.m2\repository\org\seleniumhq\selenium\selenium-remote-driver\3.141.59\selenium-remote-driver-3.141.59.jar:C:\Users\yogan\.m2\repository\org\seleniumhq\selenium\selenium-safari-driver\3.141.59\selenium-safari-driver-3.141.59.jar:C:\Users\yogan\.m2\repository\org\seleniumhq\selenium\selenium-support\3.141.59\selenium-support-3.141.59.jar:C:\Users\yogan\.m2\repository\net\bytebuddy\byte-buddy\1.8.15\byte-buddy-1.8.15.jar:C:\Users\yogan\.m2\repository\org\apache\commons\commons-exec\1.3\commons-exec-1.3.jar:C:\Users\yogan\.m2\repository\com\google\guava\guava\25.0-jre\guava-25.0-jre.jar:C:\Users\yogan\.m2\repository\com\google\code\findbugs\jsr305\1.3.9\jsr305-1.3.9.jar:C:\Users\yogan\.m2\repository\org\checkerframework\checker-compat-qual\2.0.0\checker-compat-qual-2.0.0.jar:C:\Users\yogan\.m2\repository\com\google\errorprone\error_prone_annotations\2.1.3\error_prone_annotations-2.1.3.jar:C:\Users\yogan\.m2\repository\com\google\j2objc\j2objc-annotations\1.1\j2objc-annotations-1.1.jar:C:\Users\yogan\.m2\repository\org\codehaus\mojo\animal-sniffer-annotations\1.14\animal-sniffer-annotations-1.14.jar:C:\Users\yogan\.m2\repository\com\squareup\okhttp3\okhttp\3.11.0\okhttp-3.11.0.jar:C:\Users\yogan\.m2\repository\com\squareup\okio\okio\1.14.0\okio-1.14.0.jar:C:\Users\yogan\.m2\repository\org\beanshell\bsh\2.0b4\bsh-2.0b4.jar:C:\Users\yogan\.m2\repository\com\beust\jcommander\1.27\jcommander-1.27.jar:C:\Users\yogan\.m2\repository\org\yaml\snakeyaml\1.6\snakeyaml-1.6.jar org.testng.remote.RemoteTestNG -serport 60358 -protocol json -d C:\yoga\My_Projects\Git_Project\com.gitproject\test-output C:\yoga\My_Projects\Git_Project\com.gitproject\testng.xml

!ENTRY org.testng.eclipse 1 0 2021-06-08 06:33:06.423
!MESSAGE [TestNGLaunchConfigurationDelegate] Launching:
  Classpath: C:\Users\yogan\eclipse\java-2019-092\eclipse\configuration\org.eclipse.osgi\488\0\.cp\lib\testng-remote.jar C:\yoga\My_Projects\Git_Project\com.gitproject\target\test-classes C:\yoga\My_Projects\Git_Project\com.gitproject\target\classes C:\yoga\My_Projects\selenium-java-3.141.59\client-combined-3.141.59.jar C:\yoga\My_Projects\selenium-java-3.141.59\client-combined-3.141.59-sources.jar C:\yoga\My_Projects\selenium-java-3.141.59\libs\byte-buddy-1.8.15.jar C:\yoga\My_Projects\selenium-java-3.141.59\libs\commons-exec-1.3.jar C:\yoga\My_Projects\selenium-java-3.141.59\libs\guava-25.0-jre.jar C:\yoga\My_Projects\selenium-java-3.141.59\libs\okhttp-3.11.0.jar C:\yoga\My_Projects\selenium-java-3.141.59\libs\okio-1.14.0.jar C:\Users\yogan\.m2\repository\org\testng\testng\6.8\testng-6.8.jar C:\Users\yogan\.p2\pool\plugins\org.testng_7.0.0.r201908191551.jar C:\Users\yogan\.p2\pool\plugins\com.beust.jcommander_1.72.0.jar C:\Users\yogan\.p2\pool\plugins\org.apache-extras.beanshell.bsh_2.0.0.b6.jar C:\Users\yogan\.p2\pool\plugins\org.yaml.snakeyaml_1.21.0.jar C:\Users\yogan\.m2\repository\junit\junit\3.8.1\junit-3.8.1.jar C:\Users\yogan\.m2\repository\org\seleniumhq\selenium\selenium-java\3.141.59\selenium-java-3.141.59.jar C:\Users\yogan\.m2\repository\org\seleniumhq\selenium\selenium-api\3.141.59\selenium-api-3.141.59.jar C:\Users\yogan\.m2\repository\org\seleniumhq\selenium\selenium-chrome-driver\3.141.59\selenium-chrome-driver-3.141.59.jar C:\Users\yogan\.m2\repository\org\seleniumhq\selenium\selenium-edge-driver\3.141.59\selenium-edge-driver-3.141.59.jar C:\Users\yogan\.m2\repository\org\seleniumhq\selenium\selenium-firefox-driver\3.141.59\selenium-firefox-driver-3.141.59.jar C:\Users\yogan\.m2\repository\org\seleniumhq\selenium\selenium-ie-driver\3.141.59\selenium-ie-driver-3.141.59.jar C:\Users\yogan\.m2\repository\org\seleniumhq\selenium\selenium-opera-driver\3.141.59\selenium-opera-driver-3.141.59.jar C:\Users\yogan\.m2\repository\org\seleniumhq\selenium\selenium-remote-driver\3.141.59\selenium-remote-driver-3.141.59.jar C:\Users\yogan\.m2\repository\org\seleniumhq\selenium\selenium-safari-driver\3.141.59\selenium-safari-driver-3.141.59.jar C:\Users\yogan\.m2\repository\org\seleniumhq\selenium\selenium-support\3.141.59\selenium-support-3.141.59.jar C:\Users\yogan\.m2\repository\net\bytebuddy\byte-buddy\1.8.15\byte-buddy-1.8.15.jar C:\Users\yogan\.m2\repository\org\apache\commons\commons-exec\1.3\commons-exec-1.3.jar C:\Users\yogan\.m2\repository\com\google\guava\guava\25.0-jre\guava-25.0-jre.jar C:\Users\yogan\.m2\repository\com\google\code\findbugs\jsr305\1.3.9\jsr305-1.3.9.jar C:\Users\yogan\.m2\repository\org\checkerframework\checker-compat-qual\2.0.0\checker-compat-qual-2.0.0.jar C:\Users\yogan\.m2\repository\com\google\errorprone\error_prone_annotations\2.1.3\error_prone_annotations-2.1.3.jar C:\Users\yogan\.m2\repository\com\google\j2objc\j2objc-annotations\1.1\j2objc-annotations-1.1.jar C:\Users\yogan\.m2\repository\org\codehaus\mojo\animal-sniffer-annotations\1.14\animal-sniffer-annotations-1.14.jar C:\Users\yogan\.m2\repository\com\squareup\okhttp3\okhttp\3.11.0\okhttp-3.11.0.jar C:\Users\yogan\.m2\repository\com\squareup\okio\okio\1.14.0\okio-1.14.0.jar C:\Users\yogan\.m2\repository\org\beanshell\bsh\2.0b4\bsh-2.0b4.jar C:\Users\yogan\.m2\repository\com\beust\jcommander\1.27\jcommander-1.27.jar C:\Users\yogan\.m2\repository\org\yaml\snakeyaml\1.6\snakeyaml-1.6.jar
  VMArgs:    -ea
  Class:     org.testng.remote.RemoteTestNG
  Args:      -serport 52345 -protocol json -d C:\yoga\My_Projects\Git_Project\com.gitproject\test-output C:\yoga\My_Projects\Git_Project\com.gitproject\testng.xml
java -ea -classpath C:\Users\yogan\eclipse\java-2019-092\eclipse\configuration\org.eclipse.osgi\488\0\.cp\lib\testng-remote.jar:C:\yoga\My_Projects\Git_Project\com.gitproject\target\test-classes:C:\yoga\My_Projects\Git_Project\com.gitproject\target\classes:C:\yoga\My_Projects\selenium-java-3.141.59\client-combined-3.141.59.jar:C:\yoga\My_Projects\selenium-java-3.141.59\client-combined-3.141.59-sources.jar:C:\yoga\My_Projects\selenium-java-3.141.59\libs\byte-buddy-1.8.15.jar:C:\yoga\My_Projects\selenium-java-3.141.59\libs\commons-exec-1.3.jar:C:\yoga\My_Projects\selenium-java-3.141.59\libs\guava-25.0-jre.jar:C:\yoga\My_Projects\selenium-java-3.141.59\libs\okhttp-3.11.0.jar:C:\yoga\My_Projects\selenium-java-3.141.59\libs\okio-1.14.0.jar:C:\Users\yogan\.m2\repository\org\testng\testng\6.8\testng-6.8.jar:C:\Users\yogan\.p2\pool\plugins\org.testng_7.0.0.r201908191551.jar:C:\Users\yogan\.p2\pool\plugins\com.beust.jcommander_1.72.0.jar:C:\Users\yogan\.p2\pool\plugins\org.apache-extras.beanshell.bsh_2.0.0.b6.jar:C:\Users\yogan\.p2\pool\plugins\org.yaml.snakeyaml_1.21.0.jar:C:\Users\yogan\.m2\repository\junit\junit\3.8.1\junit-3.8.1.jar:C:\Users\yogan\.m2\repository\org\seleniumhq\selenium\selenium-java\3.141.59\selenium-java-3.141.59.jar:C:\Users\yogan\.m2\repository\org\seleniumhq\selenium\selenium-api\3.141.59\selenium-api-3.141.59.jar:C:\Users\yogan\.m2\repository\org\seleniumhq\selenium\selenium-chrome-driver\3.141.59\selenium-chrome-driver-3.141.59.jar:C:\Users\yogan\.m2\repository\org\seleniumhq\selenium\selenium-edge-driver\3.141.59\selenium-edge-driver-3.141.59.jar:C:\Users\yogan\.m2\repository\org\seleniumhq\selenium\selenium-firefox-driver\3.141.59\selenium-firefox-driver-3.141.59.jar:C:\Users\yogan\.m2\repository\org\seleniumhq\selenium\selenium-ie-driver\3.141.59\selenium-ie-driver-3.141.59.jar:C:\Users\yogan\.m2\repository\org\seleniumhq\selenium\selenium-opera-driver\3.141.59\selenium-opera-driver-3.141.59.jar:C:\Users\yogan\.m2\repository\org\seleniumhq\selenium\selenium-remote-driver\3.141.59\selenium-remote-driver-3.141.59.jar:C:\Users\yogan\.m2\repository\org\seleniumhq\selenium\selenium-safari-driver\3.141.59\selenium-safari-driver-3.141.59.jar:C:\Users\yogan\.m2\repository\org\seleniumhq\selenium\selenium-support\3.141.59\selenium-support-3.141.59.jar:C:\Users\yogan\.m2\repository\net\bytebuddy\byte-buddy\1.8.15\byte-buddy-1.8.15.jar:C:\Users\yogan\.m2\repository\org\apache\commons\commons-exec\1.3\commons-exec-1.3.jar:C:\Users\yogan\.m2\repository\com\google\guava\guava\25.0-jre\guava-25.0-jre.jar:C:\Users\yogan\.m2\repository\com\google\code\findbugs\jsr305\1.3.9\jsr305-1.3.9.jar:C:\Users\yogan\.m2\repository\org\checkerframework\checker-compat-qual\2.0.0\checker-compat-qual-2.0.0.jar:C:\Users\yogan\.m2\repository\com\google\errorprone\error_prone_annotations\2.1.3\error_prone_annotations-2.1.3.jar:C:\Users\yogan\.m2\repository\com\google\j2objc\j2objc-annotations\1.1\j2objc-annotations-1.1.jar:C:\Users\yogan\.m2\repository\org\codehaus\mojo\animal-sniffer-annotations\1.14\animal-sniffer-annotations-1.14.jar:C:\Users\yogan\.m2\repository\com\squareup\okhttp3\okhttp\3.11.0\okhttp-3.11.0.jar:C:\Users\yogan\.m2\repository\com\squareup\okio\okio\1.14.0\okio-1.14.0.jar:C:\Users\yogan\.m2\repository\org\beanshell\bsh\2.0b4\bsh-2.0b4.jar:C:\Users\yogan\.m2\repository\com\beust\jcommander\1.27\jcommander-1.27.jar:C:\Users\yogan\.m2\repository\org\yaml\snakeyaml\1.6\snakeyaml-1.6.jar org.testng.remote.RemoteTestNG -serport 52345 -protocol json -d C:\yoga\My_Projects\Git_Project\com.gitproject\test-output C:\yoga\My_Projects\Git_Project\com.gitproject\testng.xml

!ENTRY org.testng.eclipse 1 0 2021-06-08 06:33:31.288
!MESSAGE [TestNGLaunchConfigurationDelegate] Launching:
  Classpath: C:\Users\yogan\eclipse\java-2019-092\eclipse\configuration\org.eclipse.osgi\488\0\.cp\lib\testng-remote.jar C:\yoga\My_Projects\Git_Project\com.gitproject\target\test-classes C:\yoga\My_Projects\Git_Project\com.gitproject\target\classes C:\yoga\My_Projects\selenium-java-3.141.59\client-combined-3.141.59.jar C:\yoga\My_Projects\selenium-java-3.141.59\client-combined-3.141.59-sources.jar C:\yoga\My_Projects\selenium-java-3.141.59\libs\byte-buddy-1.8.15.jar C:\yoga\My_Projects\selenium-java-3.141.59\libs\commons-exec-1.3.jar C:\yoga\My_Projects\selenium-java-3.141.59\libs\guava-25.0-jre.jar C:\yoga\My_Projects\selenium-java-3.141.59\libs\okhttp-3.11.0.jar C:\yoga\My_Projects\selenium-java-3.141.59\libs\okio-1.14.0.jar C:\Users\yogan\.m2\repository\org\testng\testng\6.8\testng-6.8.jar C:\Users\yogan\.p2\pool\plugins\org.testng_7.0.0.r201908191551.jar C:\Users\yogan\.p2\pool\plugins\com.beust.jcommander_1.72.0.jar C:\Users\yogan\.p2\pool\plugins\org.apache-extras.beanshell.bsh_2.0.0.b6.jar C:\Users\yogan\.p2\pool\plugins\org.yaml.snakeyaml_1.21.0.jar C:\Users\yogan\.m2\repository\junit\junit\3.8.1\junit-3.8.1.jar C:\Users\yogan\.m2\repository\org\seleniumhq\selenium\selenium-java\3.141.59\selenium-java-3.141.59.jar C:\Users\yogan\.m2\repository\org\seleniumhq\selenium\selenium-api\3.141.59\selenium-api-3.141.59.jar C:\Users\yogan\.m2\repository\org\seleniumhq\selenium\selenium-chrome-driver\3.141.59\selenium-chrome-driver-3.141.59.jar C:\Users\yogan\.m2\repository\org\seleniumhq\selenium\selenium-edge-driver\3.141.59\selenium-edge-driver-3.141.59.jar C:\Users\yogan\.m2\repository\org\seleniumhq\selenium\selenium-firefox-driver\3.141.59\selenium-firefox-driver-3.141.59.jar C:\Users\yogan\.m2\repository\org\seleniumhq\selenium\selenium-ie-driver\3.141.59\selenium-ie-driver-3.141.59.jar C:\Users\yogan\.m2\repository\org\seleniumhq\selenium\selenium-opera-driver\3.141.59\selenium-opera-driver-3.141.59.jar C:\Users\yogan\.m2\repository\org\seleniumhq\selenium\selenium-remote-driver\3.141.59\selenium-remote-driver-3.141.59.jar C:\Users\yogan\.m2\repository\org\seleniumhq\selenium\selenium-safari-driver\3.141.59\selenium-safari-driver-3.141.59.jar C:\Users\yogan\.m2\repository\org\seleniumhq\selenium\selenium-support\3.141.59\selenium-support-3.141.59.jar C:\Users\yogan\.m2\repository\net\bytebuddy\byte-buddy\1.8.15\byte-buddy-1.8.15.jar C:\Users\yogan\.m2\repository\org\apache\commons\commons-exec\1.3\commons-exec-1.3.jar C:\Users\yogan\.m2\repository\com\google\guava\guava\25.0-jre\guava-25.0-jre.jar C:\Users\yogan\.m2\repository\com\google\code\findbugs\jsr305\1.3.9\jsr305-1.3.9.jar C:\Users\yogan\.m2\repository\org\checkerframework\checker-compat-qual\2.0.0\checker-compat-qual-2.0.0.jar C:\Users\yogan\.m2\repository\com\google\errorprone\error_prone_annotations\2.1.3\error_prone_annotations-2.1.3.jar C:\Users\yogan\.m2\repository\com\google\j2objc\j2objc-annotations\1.1\j2objc-annotations-1.1.jar C:\Users\yogan\.m2\repository\org\codehaus\mojo\animal-sniffer-annotations\1.14\animal-sniffer-annotations-1.14.jar C:\Users\yogan\.m2\repository\com\squareup\okhttp3\okhttp\3.11.0\okhttp-3.11.0.jar C:\Users\yogan\.m2\repository\com\squareup\okio\okio\1.14.0\okio-1.14.0.jar C:\Users\yogan\.m2\repository\org\beanshell\bsh\2.0b4\bsh-2.0b4.jar C:\Users\yogan\.m2\repository\com\beust\jcommander\1.27\jcommander-1.27.jar C:\Users\yogan\.m2\repository\org\yaml\snakeyaml\1.6\snakeyaml-1.6.jar
  VMArgs:    -ea
  Class:     org.testng.remote.RemoteTestNG
  Args:      -serport 52350 -protocol json -d C:\yoga\My_Projects\Git_Project\com.gitproject\test-output C:\yoga\My_Projects\Git_Project\com.gitproject\testng.xml
java -ea -classpath C:\Users\yogan\eclipse\java-2019-092\eclipse\configuration\org.eclipse.osgi\488\0\.cp\lib\testng-remote.jar:C:\yoga\My_Projects\Git_Project\com.gitproject\target\test-classes:C:\yoga\My_Projects\Git_Project\com.gitproject\target\classes:C:\yoga\My_Projects\selenium-java-3.141.59\client-combined-3.141.59.jar:C:\yoga\My_Projects\selenium-java-3.141.59\client-combined-3.141.59-sources.jar:C:\yoga\My_Projects\selenium-java-3.141.59\libs\byte-buddy-1.8.15.jar:C:\yoga\My_Projects\selenium-java-3.141.59\libs\commons-exec-1.3.jar:C:\yoga\My_Projects\selenium-java-3.141.59\libs\guava-25.0-jre.jar:C:\yoga\My_Projects\selenium-java-3.141.59\libs\okhttp-3.11.0.jar:C:\yoga\My_Projects\selenium-java-3.141.59\libs\okio-1.14.0.jar:C:\Users\yogan\.m2\repository\org\testng\testng\6.8\testng-6.8.jar:C:\Users\yogan\.p2\pool\plugins\org.testng_7.0.0.r201908191551.jar:C:\Users\yogan\.p2\pool\plugins\com.beust.jcommander_1.72.0.jar:C:\Users\yogan\.p2\pool\plugins\org.apache-extras.beanshell.bsh_2.0.0.b6.jar:C:\Users\yogan\.p2\pool\plugins\org.yaml.snakeyaml_1.21.0.jar:C:\Users\yogan\.m2\repository\junit\junit\3.8.1\junit-3.8.1.jar:C:\Users\yogan\.m2\repository\org\seleniumhq\selenium\selenium-java\3.141.59\selenium-java-3.141.59.jar:C:\Users\yogan\.m2\repository\org\seleniumhq\selenium\selenium-api\3.141.59\selenium-api-3.141.59.jar:C:\Users\yogan\.m2\repository\org\seleniumhq\selenium\selenium-chrome-driver\3.141.59\selenium-chrome-driver-3.141.59.jar:C:\Users\yogan\.m2\repository\org\seleniumhq\selenium\selenium-edge-driver\3.141.59\selenium-edge-driver-3.141.59.jar:C:\Users\yogan\.m2\repository\org\seleniumhq\selenium\selenium-firefox-driver\3.141.59\selenium-firefox-driver-3.141.59.jar:C:\Users\yogan\.m2\repository\org\seleniumhq\selenium\selenium-ie-driver\3.141.59\selenium-ie-driver-3.141.59.jar:C:\Users\yogan\.m2\repository\org\seleniumhq\selenium\selenium-opera-driver\3.141.59\selenium-opera-driver-3.141.59.jar:C:\Users\yogan\.m2\repository\org\seleniumhq\selenium\selenium-remote-driver\3.141.59\selenium-remote-driver-3.141.59.jar:C:\Users\yogan\.m2\repository\org\seleniumhq\selenium\selenium-safari-driver\3.141.59\selenium-safari-driver-3.141.59.jar:C:\Users\yogan\.m2\repository\org\seleniumhq\selenium\selenium-support\3.141.59\selenium-support-3.141.59.jar:C:\Users\yogan\.m2\repository\net\bytebuddy\byte-buddy\1.8.15\byte-buddy-1.8.15.jar:C:\Users\yogan\.m2\repository\org\apache\commons\commons-exec\1.3\commons-exec-1.3.jar:C:\Users\yogan\.m2\repository\com\google\guava\guava\25.0-jre\guava-25.0-jre.jar:C:\Users\yogan\.m2\repository\com\google\code\findbugs\jsr305\1.3.9\jsr305-1.3.9.jar:C:\Users\yogan\.m2\repository\org\checkerframework\checker-compat-qual\2.0.0\checker-compat-qual-2.0.0.jar:C:\Users\yogan\.m2\repository\com\google\errorprone\error_prone_annotations\2.1.3\error_prone_annotations-2.1.3.jar:C:\Users\yogan\.m2\repository\com\google\j2objc\j2objc-annotations\1.1\j2objc-annotations-1.1.jar:C:\Users\yogan\.m2\repository\org\codehaus\mojo\animal-sniffer-annotations\1.14\animal-sniffer-annotations-1.14.jar:C:\Users\yogan\.m2\repository\com\squareup\okhttp3\okhttp\3.11.0\okhttp-3.11.0.jar:C:\Users\yogan\.m2\repository\com\squareup\okio\okio\1.14.0\okio-1.14.0.jar:C:\Users\yogan\.m2\repository\org\beanshell\bsh\2.0b4\bsh-2.0b4.jar:C:\Users\yogan\.m2\repository\com\beust\jcommander\1.27\jcommander-1.27.jar:C:\Users\yogan\.m2\repository\org\yaml\snakeyaml\1.6\snakeyaml-1.6.jar org.testng.remote.RemoteTestNG -serport 52350 -protocol json -d C:\yoga\My_Projects\Git_Project\com.gitproject\test-output C:\yoga\My_Projects\Git_Project\com.gitproject\testng.xml
